<?xml version="1.0" encoding="UTF-8" ?>
<testsuite errors="0" failures="0" hostname="ISS204646" name="com.burritopos.server.service.test.FactoryTestCase" skipped="0" tests="1" time="2.509" timestamp="2013-10-02T10:58:44">
  <properties>
[...]
</properties>
  <testcase classname="com.burritopos.server.service.test.FactoryTestCase" name="testGetService" time="2.503" />
  <system-out><![CDATA[2013-10-02 15:28:47,060 [main] TRACE com.burritopos.server.service.Factory- curKey: IUserSvc | value: com.burritopos.server.service.dao.mongo.UserSvcImpl | hashmap size: 0
2013-10-02 15:28:47,061 [main] TRACE org.springframework.test.context.TestContextManager- prepareTestInstance(): instance [com.burritopos.server.service.test.FactoryTestCase@59e221cd]
2013-10-02 15:28:47,062 [main] DEBUG org.springframework.test.context.support.DependencyInjectionTestExecutionListener- Performing dependency injection for test context [[TestContext@d1947d5 testClass = FactoryTestCase, testInstance = com.burritopos.server.service.test.FactoryTestCase@59e221cd, testMethod = [null], testException = [null], mergedContextConfiguration = [MergedContextConfiguration@76baf7aa testClass = FactoryTestCase, locations = '{classpath:applicationContext.xml}', classes = '{}', contextInitializerClasses = '[]', activeProfiles = '{}', contextLoader = 'org.springframework.test.context.support.DelegatingSmartContextLoader', parent = [null]]]].
2013-10-02 15:28:47,063 [main] DEBUG org.springframework.test.context.support.AbstractDelegatingSmartContextLoader- Delegating to GenericXmlContextLoader to load context from [MergedContextConfiguration@76baf7aa testClass = FactoryTestCase, locations = '{classpath:applicationContext.xml}', classes = '{}', contextInitializerClasses = '[]', activeProfiles = '{}', contextLoader = 'org.springframework.test.context.support.DelegatingSmartContextLoader', parent = [null]].
2013-10-02 15:28:47,063 [main] DEBUG org.springframework.test.context.support.AbstractGenericContextLoader- Loading ApplicationContext for merged context configuration [[MergedContextConfiguration@76baf7aa testClass = FactoryTestCase, locations = '{classpath:applicationContext.xml}', classes = '{}', contextInitializerClasses = '[]', activeProfiles = '{}', contextLoader = 'org.springframework.test.context.support.DelegatingSmartContextLoader', parent = [null]]].
2013-10-02 15:28:47,165 [main] DEBUG org.springframework.core.env.StandardEnvironment- Initializing new StandardEnvironment
2013-10-02 15:28:47,166 [main] DEBUG org.springframework.core.env.StandardEnvironment- Adding [systemProperties] PropertySource with lowest search precedence
2013-10-02 15:28:47,166 [main] DEBUG org.springframework.core.env.StandardEnvironment- Adding [systemEnvironment] PropertySource with lowest search precedence
2013-10-02 15:28:47,167 [main] DEBUG org.springframework.core.env.StandardEnvironment- Initialized StandardEnvironment with PropertySources [systemProperties,systemEnvironment]
2013-10-02 15:28:47,170 [main] DEBUG org.springframework.core.env.StandardEnvironment- Initializing new StandardEnvironment
2013-10-02 15:28:47,170 [main] DEBUG org.springframework.core.env.StandardEnvironment- Adding [systemProperties] PropertySource with lowest search precedence
2013-10-02 15:28:47,170 [main] DEBUG org.springframework.core.env.StandardEnvironment- Adding [systemEnvironment] PropertySource with lowest search precedence
2013-10-02 15:28:47,171 [main] DEBUG org.springframework.core.env.StandardEnvironment- Initialized StandardEnvironment with PropertySources [systemProperties,systemEnvironment]
2013-10-02 15:28:47,176 [main] INFO  org.springframework.beans.factory.xml.XmlBeanDefinitionReader- Loading XML bean definitions from class path resource [applicationContext.xml]
2013-10-02 15:28:47,179 [main] DEBUG org.springframework.beans.factory.xml.DefaultDocumentLoader- Using JAXP provider [com.sun.org.apache.xerces.internal.jaxp.DocumentBuilderFactoryImpl]
2013-10-02 15:28:47,180 [main] TRACE org.springframework.beans.factory.xml.PluggableSchemaResolver- Trying to resolve XML entity with public id [null] and system id [http://www.springframework.org/schema/beans/spring-beans-3.1.xsd]
2013-10-02 15:28:47,180 [main] DEBUG org.springframework.beans.factory.xml.PluggableSchemaResolver- Loading schema mappings from [META-INF/spring.schemas]
2013-10-02 15:28:47,182 [main] DEBUG org.springframework.beans.factory.xml.PluggableSchemaResolver- Loaded schema mappings: {http://www.springframework.org/schema/util/spring-util.xsd=org/springframework/beans/factory/xml/spring-util-3.2.xsd, http://www.springframework.org/schema/jee/spring-jee-3.2.xsd=org/springframework/ejb/config/spring-jee-3.2.xsd, http://www.springframework.org/schema/task/spring-task.xsd=org/springframework/scheduling/config/spring-task-3.2.xsd, http://www.springframework.org/schema/beans/spring-beans-3.1.xsd=org/springframework/beans/factory/xml/spring-beans-3.1.xsd, http://www.springframework.org/schema/cache/spring-cache.xsd=org/springframework/cache/config/spring-cache-3.2.xsd, http://www.springframework.org/schema/aop/spring-aop-3.0.xsd=org/springframework/aop/config/spring-aop-3.0.xsd, http://www.springframework.org/schema/task/spring-task-3.1.xsd=org/springframework/scheduling/config/spring-task-3.1.xsd, http://www.springframework.org/schema/aop/spring-aop-2.0.xsd=org/springframework/aop/config/spring-aop-2.0.xsd, http://www.springframework.org/schema/tool/spring-tool-2.5.xsd=org/springframework/beans/factory/xml/spring-tool-2.5.xsd, http://www.springframework.org/schema/beans/spring-beans.xsd=org/springframework/beans/factory/xml/spring-beans-3.2.xsd, http://www.springframework.org/schema/jee/spring-jee-2.5.xsd=org/springframework/ejb/config/spring-jee-2.5.xsd, http://www.springframework.org/schema/jdbc/spring-jdbc-3.1.xsd=org/springframework/jdbc/config/spring-jdbc-3.1.xsd, http://www.springframework.org/schema/tool/spring-tool-3.1.xsd=org/springframework/beans/factory/xml/spring-tool-3.1.xsd, http://www.springframework.org/schema/jee/spring-jee-3.1.xsd=org/springframework/ejb/config/spring-jee-3.1.xsd, http://www.springframework.org/schema/aop/spring-aop.xsd=org/springframework/aop/config/spring-aop-3.2.xsd, http://www.springframework.org/schema/tx/spring-tx-3.2.xsd=org/springframework/transaction/config/spring-tx-3.2.xsd, http://www.springframework.org/schema/context/spring-context-3.2.xsd=org/springframework/context/config/spring-context-3.2.xsd, http://www.springframework.org/schema/beans/spring-beans-2.0.xsd=org/springframework/beans/factory/xml/spring-beans-2.0.xsd, http://www.springframework.org/schema/util/spring-util-3.2.xsd=org/springframework/beans/factory/xml/spring-util-3.2.xsd, http://www.springframework.org/schema/lang/spring-lang-3.2.xsd=org/springframework/scripting/config/spring-lang-3.2.xsd, http://www.springframework.org/schema/beans/spring-beans-3.0.xsd=org/springframework/beans/factory/xml/spring-beans-3.0.xsd, http://www.springframework.org/schema/cache/spring-cache-3.2.xsd=org/springframework/cache/config/spring-cache-3.2.xsd, http://www.springframework.org/schema/task/spring-task-3.0.xsd=org/springframework/scheduling/config/spring-task-3.0.xsd, http://www.springframework.org/schema/tx/spring-tx-2.5.xsd=org/springframework/transaction/config/spring-tx-2.5.xsd, http://www.springframework.org/schema/context/spring-context-2.5.xsd=org/springframework/context/config/spring-context-2.5.xsd, http://www.springframework.org/schema/jdbc/spring-jdbc-3.0.xsd=org/springframework/jdbc/config/spring-jdbc-3.0.xsd, http://www.springframework.org/schema/tool/spring-tool-3.0.xsd=org/springframework/beans/factory/xml/spring-tool-3.0.xsd, http://www.springframework.org/schema/tx/spring-tx.xsd=org/springframework/transaction/config/spring-tx-3.2.xsd, http://www.springframework.org/schema/lang/spring-lang.xsd=org/springframework/scripting/config/spring-lang-3.2.xsd, http://www.springframework.org/schema/tool/spring-tool-2.0.xsd=org/springframework/beans/factory/xml/spring-tool-2.0.xsd, http://www.springframework.org/schema/util/spring-util-2.5.xsd=org/springframework/beans/factory/xml/spring-util-2.5.xsd, http://www.springframework.org/schema/lang/spring-lang-2.5.xsd=org/springframework/scripting/config/spring-lang-2.5.xsd, http://www.springframework.org/schema/aop/spring-aop-3.2.xsd=org/springframework/aop/config/spring-aop-3.2.xsd, http://www.springframework.org/schema/jee/spring-jee-3.0.xsd=org/springframework/ejb/config/spring-jee-3.0.xsd, http://www.springframework.org/schema/tx/spring-tx-3.1.xsd=org/springframework/transaction/config/spring-tx-3.1.xsd, http://www.springframework.org/schema/jee/spring-jee-2.0.xsd=org/springframework/ejb/config/spring-jee-2.0.xsd, http://www.springframework.org/schema/context/spring-context-3.1.xsd=org/springframework/context/config/spring-context-3.1.xsd, http://www.springframework.org/schema/util/spring-util-3.1.xsd=org/springframework/beans/factory/xml/spring-util-3.1.xsd, http://www.springframework.org/schema/lang/spring-lang-3.1.xsd=org/springframework/scripting/config/spring-lang-3.1.xsd, http://www.springframework.org/schema/cache/spring-cache-3.1.xsd=org/springframework/cache/config/spring-cache-3.1.xsd, http://www.springframework.org/schema/context/spring-context.xsd=org/springframework/context/config/spring-context-3.2.xsd, http://www.springframework.org/schema/jee/spring-jee.xsd=org/springframework/ejb/config/spring-jee-3.2.xsd, http://www.springframework.org/schema/aop/spring-aop-2.5.xsd=org/springframework/aop/config/spring-aop-2.5.xsd, http://www.springframework.org/schema/jdbc/spring-jdbc.xsd=org/springframework/jdbc/config/spring-jdbc-3.2.xsd, http://www.springframework.org/schema/beans/spring-beans-3.2.xsd=org/springframework/beans/factory/xml/spring-beans-3.2.xsd, http://www.springframework.org/schema/tx/spring-tx-2.0.xsd=org/springframework/transaction/config/spring-tx-2.0.xsd, http://www.springframework.org/schema/aop/spring-aop-3.1.xsd=org/springframework/aop/config/spring-aop-3.1.xsd, http://www.springframework.org/schema/task/spring-task-3.2.xsd=org/springframework/scheduling/config/spring-task-3.2.xsd, http://www.springframework.org/schema/tx/spring-tx-3.0.xsd=org/springframework/transaction/config/spring-tx-3.0.xsd, http://www.springframework.org/schema/context/spring-context-3.0.xsd=org/springframework/context/config/spring-context-3.0.xsd, http://www.springframework.org/schema/tool/spring-tool.xsd=org/springframework/beans/factory/xml/spring-tool-3.2.xsd, http://www.springframework.org/schema/util/spring-util-3.0.xsd=org/springframework/beans/factory/xml/spring-util-3.0.xsd, http://www.springframework.org/schema/lang/spring-lang-3.0.xsd=org/springframework/scripting/config/spring-lang-3.0.xsd, http://www.springframework.org/schema/util/spring-util-2.0.xsd=org/springframework/beans/factory/xml/spring-util-2.0.xsd, http://www.springframework.org/schema/lang/spring-lang-2.0.xsd=org/springframework/scripting/config/spring-lang-2.0.xsd, http://www.springframework.org/schema/jdbc/spring-jdbc-3.2.xsd=org/springframework/jdbc/config/spring-jdbc-3.2.xsd, http://www.springframework.org/schema/tool/spring-tool-3.2.xsd=org/springframework/beans/factory/xml/spring-tool-3.2.xsd, http://www.springframework.org/schema/beans/spring-beans-2.5.xsd=org/springframework/beans/factory/xml/spring-beans-2.5.xsd}
2013-10-02 15:28:47,182 [main] DEBUG org.springframework.beans.factory.xml.PluggableSchemaResolver- Found XML schema [http://www.springframework.org/schema/beans/spring-beans-3.1.xsd] in classpath: org/springframework/beans/factory/xml/spring-beans-3.1.xsd
2013-10-02 15:28:47,191 [main] TRACE org.springframework.beans.factory.xml.PluggableSchemaResolver- Trying to resolve XML entity with public id [null] and system id [http://www.springframework.org/schema/context/spring-context-3.1.xsd]
2013-10-02 15:28:47,191 [main] DEBUG org.springframework.beans.factory.xml.PluggableSchemaResolver- Found XML schema [http://www.springframework.org/schema/context/spring-context-3.1.xsd] in classpath: org/springframework/context/config/spring-context-3.1.xsd
2013-10-02 15:28:47,193 [main] TRACE org.springframework.beans.factory.xml.PluggableSchemaResolver- Trying to resolve XML entity with public id [null] and system id [http://www.springframework.org/schema/tool/spring-tool-3.1.xsd]
2013-10-02 15:28:47,193 [main] DEBUG org.springframework.beans.factory.xml.PluggableSchemaResolver- Found XML schema [http://www.springframework.org/schema/tool/spring-tool-3.1.xsd] in classpath: org/springframework/beans/factory/xml/spring-tool-3.1.xsd
2013-10-02 15:28:47,201 [main] DEBUG org.springframework.beans.factory.xml.DefaultBeanDefinitionDocumentReader- Loading bean definitions
2013-10-02 15:28:47,209 [main] DEBUG org.springframework.beans.factory.xml.DefaultNamespaceHandlerResolver- Loaded NamespaceHandler mappings: {http://www.springframework.org/schema/p=org.springframework.beans.factory.xml.SimplePropertyNamespaceHandler, http://www.springframework.org/schema/util=org.springframework.beans.factory.xml.UtilNamespaceHandler, http://www.springframework.org/schema/jee=org.springframework.ejb.config.JeeNamespaceHandler, http://www.springframework.org/schema/aop=org.springframework.aop.config.AopNamespaceHandler, http://www.springframework.org/schema/jdbc=org.springframework.jdbc.config.JdbcNamespaceHandler, http://www.springframework.org/schema/cache=org.springframework.cache.config.CacheNamespaceHandler, http://www.springframework.org/schema/c=org.springframework.beans.factory.xml.SimpleConstructorNamespaceHandler, http://www.springframework.org/schema/tx=org.springframework.transaction.config.TxNamespaceHandler, http://www.springframework.org/schema/task=org.springframework.scheduling.config.TaskNamespaceHandler, http://www.springframework.org/schema/lang=org.springframework.scripting.config.LangNamespaceHandler, http://www.springframework.org/schema/context=org.springframework.context.config.ContextNamespaceHandler}
2013-10-02 15:28:47,236 [main] DEBUG org.springframework.beans.factory.xml.XmlBeanDefinitionReader- Loaded 15 bean definitions from location pattern [classpath:applicationContext.xml]
2013-10-02 15:28:47,237 [main] INFO  org.springframework.context.support.GenericApplicationContext- Refreshing org.springframework.context.support.GenericApplicationContext@3cee371b: startup date [Wed Oct 02 15:28:47 AFT 2013]; root of context hierarchy
2013-10-02 15:28:47,237 [main] DEBUG org.springframework.context.support.GenericApplicationContext- Bean factory for org.springframework.context.support.GenericApplicationContext@3cee371b: org.springframework.beans.factory.support.DefaultListableBeanFactory@7b7e3427: defining beans [org.springframework.context.annotation.internalConfigurationAnnotationProcessor,org.springframework.context.annotation.internalAutowiredAnnotationProcessor,org.springframework.context.annotation.internalRequiredAnnotationProcessor,org.springframework.context.annotation.internalCommonAnnotationProcessor,org.springframework.context.support.PropertySourcesPlaceholderConfigurer#0,burritoposServerPort,keystorePath,keystorePassword,StatusUI,secureConnectionManager,userSvc,groupSvc,connectionManagerTestCase,socketManagerTestCase,userSvcTestCase]; root of factory hierarchy
2013-10-02 15:28:47,251 [main] DEBUG org.springframework.beans.factory.support.DefaultListableBeanFactory- Creating shared instance of singleton bean 'org.springframework.context.annotation.internalConfigurationAnnotationProcessor'
2013-10-02 15:28:47,251 [main] DEBUG org.springframework.beans.factory.support.DefaultListableBeanFactory- Creating instance of bean 'org.springframework.context.annotation.internalConfigurationAnnotationProcessor'
2013-10-02 15:28:47,267 [main] DEBUG org.springframework.beans.factory.support.DefaultListableBeanFactory- Eagerly caching bean 'org.springframework.context.annotation.internalConfigurationAnnotationProcessor' to allow for resolving potential circular references
2013-10-02 15:28:47,269 [main] DEBUG org.springframework.beans.factory.support.DefaultListableBeanFactory- Finished creating instance of bean 'org.springframework.context.annotation.internalConfigurationAnnotationProcessor'
2013-10-02 15:28:47,304 [main] DEBUG org.springframework.beans.factory.support.DefaultListableBeanFactory- Creating shared instance of singleton bean 'org.springframework.context.support.PropertySourcesPlaceholderConfigurer#0'
2013-10-02 15:28:47,304 [main] DEBUG org.springframework.beans.factory.support.DefaultListableBeanFactory- Creating instance of bean 'org.springframework.context.support.PropertySourcesPlaceholderConfigurer#0'
2013-10-02 15:28:47,305 [main] DEBUG org.springframework.beans.factory.support.DefaultListableBeanFactory- Eagerly caching bean 'org.springframework.context.support.PropertySourcesPlaceholderConfigurer#0' to allow for resolving potential circular references
2013-10-02 15:28:47,311 [main] TRACE org.springframework.core.io.support.SpringFactoriesLoader- Loaded [org.springframework.beans.BeanInfoFactory] names: [org.springframework.beans.ExtendedBeanInfoFactory]
2013-10-02 15:28:47,312 [main] TRACE org.springframework.beans.CachedIntrospectionResults- Getting BeanInfo for class [org.springframework.context.support.PropertySourcesPlaceholderConfigurer]
2013-10-02 15:28:47,317 [main] TRACE org.springframework.beans.CachedIntrospectionResults- Caching PropertyDescriptors for class [org.springframework.context.support.PropertySourcesPlaceholderConfigurer]
2013-10-02 15:28:47,317 [main] TRACE org.springframework.beans.CachedIntrospectionResults- Found bean property 'beanFactory' of type [org.springframework.beans.factory.BeanFactory]
2013-10-02 15:28:47,318 [main] TRACE org.springframework.beans.CachedIntrospectionResults- Found bean property 'beanName' of type [java.lang.String]
2013-10-02 15:28:47,318 [main] TRACE org.springframework.beans.CachedIntrospectionResults- Found bean property 'class' of type [java.lang.Class]
2013-10-02 15:28:47,318 [main] TRACE org.springframework.beans.CachedIntrospectionResults- Found bean property 'environment' of type [org.springframework.core.env.Environment]
2013-10-02 15:28:47,318 [main] TRACE org.springframework.beans.CachedIntrospectionResults- Found bean property 'fileEncoding' of type [java.lang.String]
2013-10-02 15:28:47,318 [main] TRACE org.springframework.beans.CachedIntrospectionResults- Found bean property 'ignoreResourceNotFound' of type [boolean]
2013-10-02 15:28:47,318 [main] TRACE org.springframework.beans.CachedIntrospectionResults- Found bean property 'ignoreUnresolvablePlaceholders' of type [boolean]
2013-10-02 15:28:47,318 [main] TRACE org.springframework.beans.CachedIntrospectionResults- Found bean property 'localOverride' of type [boolean]
2013-10-02 15:28:47,318 [main] TRACE org.springframework.beans.CachedIntrospectionResults- Found bean property 'location' of type [org.springframework.core.io.Resource]
2013-10-02 15:28:47,318 [main] TRACE org.springframework.beans.CachedIntrospectionResults- Found bean property 'locations' of type [[Lorg.springframework.core.io.Resource;]
2013-10-02 15:28:47,318 [main] TRACE org.springframework.beans.CachedIntrospectionResults- Found bean property 'nullValue' of type [java.lang.String]
2013-10-02 15:28:47,318 [main] TRACE org.springframework.beans.CachedIntrospectionResults- Found bean property 'order' of type [int]
2013-10-02 15:28:47,318 [main] TRACE org.springframework.beans.CachedIntrospectionResults- Found bean property 'placeholderPrefix' of type [java.lang.String]
2013-10-02 15:28:47,318 [main] TRACE org.springframework.beans.CachedIntrospectionResults- Found bean property 'placeholderSuffix' of type [java.lang.String]
2013-10-02 15:28:47,319 [main] TRACE org.springframework.beans.CachedIntrospectionResults- Found bean property 'properties' of type [java.util.Properties]
2013-10-02 15:28:47,319 [main] TRACE org.springframework.beans.CachedIntrospectionResults- Found bean property 'propertiesArray' of type [[Ljava.util.Properties;]
2013-10-02 15:28:47,319 [main] TRACE org.springframework.beans.CachedIntrospectionResults- Found bean property 'propertiesPersister' of type [org.springframework.util.PropertiesPersister]
2013-10-02 15:28:47,319 [main] TRACE org.springframework.beans.CachedIntrospectionResults- Found bean property 'propertySources' of type [org.springframework.core.env.PropertySources]
2013-10-02 15:28:47,319 [main] TRACE org.springframework.beans.CachedIntrospectionResults- Found bean property 'valueSeparator' of type [java.lang.String]
2013-10-02 15:28:47,328 [main] DEBUG org.springframework.beans.factory.support.DefaultListableBeanFactory- Finished creating instance of bean 'org.springframework.context.support.PropertySourcesPlaceholderConfigurer#0'
2013-10-02 15:28:47,328 [main] DEBUG org.springframework.core.env.MutablePropertySources- Adding [environmentProperties] PropertySource with lowest search precedence
2013-10-02 15:28:47,329 [main] INFO  org.springframework.context.support.PropertySourcesPlaceholderConfigurer- Loading properties file from class path resource [burritoposserver.properties]
2013-10-02 15:28:47,329 [main] DEBUG org.springframework.core.env.MutablePropertySources- Adding [localProperties] PropertySource with lowest search precedence
2013-10-02 15:28:47,331 [main] TRACE org.springframework.core.env.PropertySourcesPropertyResolver- getProperty("burritopos.server.port") (implicit targetType [String])
2013-10-02 15:28:47,331 [main] TRACE org.springframework.core.env.PropertySourcesPropertyResolver- getProperty("burritopos.server.port", String)
2013-10-02 15:28:47,331 [main] DEBUG org.springframework.core.env.PropertySourcesPropertyResolver- Searching for key 'burritopos.server.port' in [environmentProperties]
2013-10-02 15:28:47,331 [main] TRACE org.springframework.core.env.PropertySourcesPropertyResolver- getProperty("burritopos.server.port") (implicit targetType [String])
2013-10-02 15:28:47,331 [main] TRACE org.springframework.core.env.PropertySourcesPropertyResolver- getProperty("burritopos.server.port", String)
2013-10-02 15:28:47,331 [main] DEBUG org.springframework.core.env.PropertySourcesPropertyResolver- Searching for key 'burritopos.server.port' in [systemProperties]
2013-10-02 15:28:47,331 [main] DEBUG org.springframework.core.env.PropertySourcesPropertyResolver- Searching for key 'burritopos.server.port' in [systemEnvironment]
2013-10-02 15:28:47,332 [main] TRACE org.springframework.core.env.SystemEnvironmentPropertySource- PropertySource [systemEnvironment] does not contain 'burritopos.server.port'
2013-10-02 15:28:47,332 [main] TRACE org.springframework.core.env.SystemEnvironmentPropertySource- PropertySource [systemEnvironment] does not contain 'burritopos_server_port'
2013-10-02 15:28:47,332 [main] TRACE org.springframework.core.env.SystemEnvironmentPropertySource- PropertySource [systemEnvironment] does not contain 'BURRITOPOS.SERVER.PORT'
2013-10-02 15:28:47,332 [main] TRACE org.springframework.core.env.SystemEnvironmentPropertySource- PropertySource [systemEnvironment] does not contain 'BURRITOPOS_SERVER_PORT'
2013-10-02 15:28:47,332 [main] DEBUG org.springframework.core.env.PropertySourcesPropertyResolver- Could not find key 'burritopos.server.port' in any property source. Returning [null]
2013-10-02 15:28:47,332 [main] DEBUG org.springframework.core.env.PropertySourcesPropertyResolver- Searching for key 'burritopos.server.port' in [localProperties]
2013-10-02 15:28:47,332 [main] DEBUG org.springframework.core.env.PropertySourcesPropertyResolver- Found key 'burritopos.server.port' in [localProperties] with type [String] and value '8000'
2013-10-02 15:28:47,333 [main] TRACE org.springframework.util.PropertyPlaceholderHelper- Resolved placeholder 'burritopos.server.port'
2013-10-02 15:28:47,334 [main] TRACE org.springframework.core.env.PropertySourcesPropertyResolver- getProperty("ssl.keyStore.path") (implicit targetType [String])
2013-10-02 15:28:47,334 [main] TRACE org.springframework.core.env.PropertySourcesPropertyResolver- getProperty("ssl.keyStore.path", String)
2013-10-02 15:28:47,334 [main] DEBUG org.springframework.core.env.PropertySourcesPropertyResolver- Searching for key 'ssl.keyStore.path' in [environmentProperties]
2013-10-02 15:28:47,334 [main] TRACE org.springframework.core.env.PropertySourcesPropertyResolver- getProperty("ssl.keyStore.path") (implicit targetType [String])
2013-10-02 15:28:47,334 [main] TRACE org.springframework.core.env.PropertySourcesPropertyResolver- getProperty("ssl.keyStore.path", String)
2013-10-02 15:28:47,334 [main] DEBUG org.springframework.core.env.PropertySourcesPropertyResolver- Searching for key 'ssl.keyStore.path' in [systemProperties]
2013-10-02 15:28:47,334 [main] DEBUG org.springframework.core.env.PropertySourcesPropertyResolver- Searching for key 'ssl.keyStore.path' in [systemEnvironment]
2013-10-02 15:28:47,334 [main] TRACE org.springframework.core.env.SystemEnvironmentPropertySource- PropertySource [systemEnvironment] does not contain 'ssl.keyStore.path'
2013-10-02 15:28:47,334 [main] TRACE org.springframework.core.env.SystemEnvironmentPropertySource- PropertySource [systemEnvironment] does not contain 'ssl_keyStore_path'
2013-10-02 15:28:47,334 [main] TRACE org.springframework.core.env.SystemEnvironmentPropertySource- PropertySource [systemEnvironment] does not contain 'SSL.KEYSTORE.PATH'
2013-10-02 15:28:47,334 [main] TRACE org.springframework.core.env.SystemEnvironmentPropertySource- PropertySource [systemEnvironment] does not contain 'SSL_KEYSTORE_PATH'
2013-10-02 15:28:47,334 [main] DEBUG org.springframework.core.env.PropertySourcesPropertyResolver- Could not find key 'ssl.keyStore.path' in any property source. Returning [null]
2013-10-02 15:28:47,335 [main] DEBUG org.springframework.core.env.PropertySourcesPropertyResolver- Searching for key 'ssl.keyStore.path' in [localProperties]
2013-10-02 15:28:47,335 [main] DEBUG org.springframework.core.env.PropertySourcesPropertyResolver- Found key 'ssl.keyStore.path' in [localProperties] with type [String] and value 'C:\burritopos.ks'
2013-10-02 15:28:47,335 [main] TRACE org.springframework.util.PropertyPlaceholderHelper- Resolved placeholder 'ssl.keyStore.path'
2013-10-02 15:28:47,335 [main] TRACE org.springframework.core.env.PropertySourcesPropertyResolver- getProperty("ssl.keyStore.password") (implicit targetType [String])
2013-10-02 15:28:47,335 [main] TRACE org.springframework.core.env.PropertySourcesPropertyResolver- getProperty("ssl.keyStore.password", String)
2013-10-02 15:28:47,335 [main] DEBUG org.springframework.core.env.PropertySourcesPropertyResolver- Searching for key 'ssl.keyStore.password' in [environmentProperties]
2013-10-02 15:28:47,335 [main] TRACE org.springframework.core.env.PropertySourcesPropertyResolver- getProperty("ssl.keyStore.password") (implicit targetType [String])
2013-10-02 15:28:47,335 [main] TRACE org.springframework.core.env.PropertySourcesPropertyResolver- getProperty("ssl.keyStore.password", String)
2013-10-02 15:28:47,335 [main] DEBUG org.springframework.core.env.PropertySourcesPropertyResolver- Searching for key 'ssl.keyStore.password' in [systemProperties]
2013-10-02 15:28:47,335 [main] DEBUG org.springframework.core.env.PropertySourcesPropertyResolver- Searching for key 'ssl.keyStore.password' in [systemEnvironment]
2013-10-02 15:28:47,335 [main] TRACE org.springframework.core.env.SystemEnvironmentPropertySource- PropertySource [systemEnvironment] does not contain 'ssl.keyStore.password'
2013-10-02 15:28:47,335 [main] TRACE org.springframework.core.env.SystemEnvironmentPropertySource- PropertySource [systemEnvironment] does not contain 'ssl_keyStore_password'
2013-10-02 15:28:47,336 [main] TRACE org.springframework.core.env.SystemEnvironmentPropertySource- PropertySource [systemEnvironment] does not contain 'SSL.KEYSTORE.PASSWORD'
2013-10-02 15:28:47,336 [main] TRACE org.springframework.core.env.SystemEnvironmentPropertySource- PropertySource [systemEnvironment] does not contain 'SSL_KEYSTORE_PASSWORD'
2013-10-02 15:28:47,336 [main] DEBUG org.springframework.core.env.PropertySourcesPropertyResolver- Could not find key 'ssl.keyStore.password' in any property source. Returning [null]
2013-10-02 15:28:47,336 [main] DEBUG org.springframework.core.env.PropertySourcesPropertyResolver- Searching for key 'ssl.keyStore.password' in [localProperties]
2013-10-02 15:28:47,336 [main] DEBUG org.springframework.core.env.PropertySourcesPropertyResolver- Found key 'ssl.keyStore.password' in [localProperties] with type [String] and value 'changeit'
2013-10-02 15:28:47,336 [main] TRACE org.springframework.util.PropertyPlaceholderHelper- Resolved placeholder 'ssl.keyStore.password'
2013-10-02 15:28:47,336 [main] TRACE org.springframework.core.env.PropertySourcesPropertyResolver- getProperty("mongo.ip") (implicit targetType [String])
2013-10-02 15:28:47,336 [main] TRACE org.springframework.core.env.PropertySourcesPropertyResolver- getProperty("mongo.ip", String)
2013-10-02 15:28:47,336 [main] DEBUG org.springframework.core.env.PropertySourcesPropertyResolver- Searching for key 'mongo.ip' in [environmentProperties]
2013-10-02 15:28:47,336 [main] TRACE org.springframework.core.env.PropertySourcesPropertyResolver- getProperty("mongo.ip") (implicit targetType [String])
2013-10-02 15:28:47,336 [main] TRACE org.springframework.core.env.PropertySourcesPropertyResolver- getProperty("mongo.ip", String)
2013-10-02 15:28:47,336 [main] DEBUG org.springframework.core.env.PropertySourcesPropertyResolver- Searching for key 'mongo.ip' in [systemProperties]
2013-10-02 15:28:47,336 [main] DEBUG org.springframework.core.env.PropertySourcesPropertyResolver- Searching for key 'mongo.ip' in [systemEnvironment]
2013-10-02 15:28:47,337 [main] TRACE org.springframework.core.env.SystemEnvironmentPropertySource- PropertySource [systemEnvironment] does not contain 'mongo.ip'
2013-10-02 15:28:47,337 [main] TRACE org.springframework.core.env.SystemEnvironmentPropertySource- PropertySource [systemEnvironment] does not contain 'mongo_ip'
2013-10-02 15:28:47,337 [main] TRACE org.springframework.core.env.SystemEnvironmentPropertySource- PropertySource [systemEnvironment] does not contain 'MONGO.IP'
2013-10-02 15:28:47,337 [main] TRACE org.springframework.core.env.SystemEnvironmentPropertySource- PropertySource [systemEnvironment] does not contain 'MONGO_IP'
2013-10-02 15:28:47,337 [main] DEBUG org.springframework.core.env.PropertySourcesPropertyResolver- Could not find key 'mongo.ip' in any property source. Returning [null]
2013-10-02 15:28:47,337 [main] DEBUG org.springframework.core.env.PropertySourcesPropertyResolver- Searching for key 'mongo.ip' in [localProperties]
2013-10-02 15:28:47,337 [main] DEBUG org.springframework.core.env.PropertySourcesPropertyResolver- Found key 'mongo.ip' in [localProperties] with type [String] and value '127.0.0.1'
2013-10-02 15:28:47,337 [main] TRACE org.springframework.util.PropertyPlaceholderHelper- Resolved placeholder 'mongo.ip'
2013-10-02 15:28:47,337 [main] TRACE org.springframework.core.env.PropertySourcesPropertyResolver- getProperty("mongo.databasename") (implicit targetType [String])
2013-10-02 15:28:47,337 [main] TRACE org.springframework.core.env.PropertySourcesPropertyResolver- getProperty("mongo.databasename", String)
2013-10-02 15:28:47,337 [main] DEBUG org.springframework.core.env.PropertySourcesPropertyResolver- Searching for key 'mongo.databasename' in [environmentProperties]
2013-10-02 15:28:47,337 [main] TRACE org.springframework.core.env.PropertySourcesPropertyResolver- getProperty("mongo.databasename") (implicit targetType [String])
2013-10-02 15:28:47,338 [main] TRACE org.springframework.core.env.PropertySourcesPropertyResolver- getProperty("mongo.databasename", String)
2013-10-02 15:28:47,338 [main] DEBUG org.springframework.core.env.PropertySourcesPropertyResolver- Searching for key 'mongo.databasename' in [systemProperties]
2013-10-02 15:28:47,338 [main] DEBUG org.springframework.core.env.PropertySourcesPropertyResolver- Searching for key 'mongo.databasename' in [systemEnvironment]
2013-10-02 15:28:47,338 [main] TRACE org.springframework.core.env.SystemEnvironmentPropertySource- PropertySource [systemEnvironment] does not contain 'mongo.databasename'
2013-10-02 15:28:47,338 [main] TRACE org.springframework.core.env.SystemEnvironmentPropertySource- PropertySource [systemEnvironment] does not contain 'mongo_databasename'
2013-10-02 15:28:47,338 [main] TRACE org.springframework.core.env.SystemEnvironmentPropertySource- PropertySource [systemEnvironment] does not contain 'MONGO.DATABASENAME'
2013-10-02 15:28:47,338 [main] TRACE org.springframework.core.env.SystemEnvironmentPropertySource- PropertySource [systemEnvironment] does not contain 'MONGO_DATABASENAME'
2013-10-02 15:28:47,338 [main] DEBUG org.springframework.core.env.PropertySourcesPropertyResolver- Could not find key 'mongo.databasename' in any property source. Returning [null]
2013-10-02 15:28:47,338 [main] DEBUG org.springframework.core.env.PropertySourcesPropertyResolver- Searching for key 'mongo.databasename' in [localProperties]
2013-10-02 15:28:47,338 [main] DEBUG org.springframework.core.env.PropertySourcesPropertyResolver- Found key 'mongo.databasename' in [localProperties] with type [String] and value 'neatoBurrito'
2013-10-02 15:28:47,338 [main] TRACE org.springframework.util.PropertyPlaceholderHelper- Resolved placeholder 'mongo.databasename'
2013-10-02 15:28:47,338 [main] TRACE org.springframework.core.env.PropertySourcesPropertyResolver- getProperty("mongo.ip") (implicit targetType [String])
2013-10-02 15:28:47,339 [main] TRACE org.springframework.core.env.PropertySourcesPropertyResolver- getProperty("mongo.ip", String)
2013-10-02 15:28:47,339 [main] DEBUG org.springframework.core.env.PropertySourcesPropertyResolver- Searching for key 'mongo.ip' in [environmentProperties]
2013-10-02 15:28:47,339 [main] TRACE org.springframework.core.env.PropertySourcesPropertyResolver- getProperty("mongo.ip") (implicit targetType [String])
2013-10-02 15:28:47,339 [main] TRACE org.springframework.core.env.PropertySourcesPropertyResolver- getProperty("mongo.ip", String)
2013-10-02 15:28:47,339 [main] DEBUG org.springframework.core.env.PropertySourcesPropertyResolver- Searching for key 'mongo.ip' in [systemProperties]
2013-10-02 15:28:47,339 [main] DEBUG org.springframework.core.env.PropertySourcesPropertyResolver- Searching for key 'mongo.ip' in [systemEnvironment]
2013-10-02 15:28:47,339 [main] TRACE org.springframework.core.env.SystemEnvironmentPropertySource- PropertySource [systemEnvironment] does not contain 'mongo.ip'
2013-10-02 15:28:47,339 [main] TRACE org.springframework.core.env.SystemEnvironmentPropertySource- PropertySource [systemEnvironment] does not contain 'mongo_ip'
2013-10-02 15:28:47,339 [main] TRACE org.springframework.core.env.SystemEnvironmentPropertySource- PropertySource [systemEnvironment] does not contain 'MONGO.IP'
2013-10-02 15:28:47,339 [main] TRACE org.springframework.core.env.SystemEnvironmentPropertySource- PropertySource [systemEnvironment] does not contain 'MONGO_IP'
2013-10-02 15:28:47,339 [main] DEBUG org.springframework.core.env.PropertySourcesPropertyResolver- Could not find key 'mongo.ip' in any property source. Returning [null]
2013-10-02 15:28:47,339 [main] DEBUG org.springframework.core.env.PropertySourcesPropertyResolver- Searching for key 'mongo.ip' in [localProperties]
2013-10-02 15:28:47,340 [main] DEBUG org.springframework.core.env.PropertySourcesPropertyResolver- Found key 'mongo.ip' in [localProperties] with type [String] and value '127.0.0.1'
2013-10-02 15:28:47,340 [main] TRACE org.springframework.util.PropertyPlaceholderHelper- Resolved placeholder 'mongo.ip'
2013-10-02 15:28:47,340 [main] TRACE org.springframework.core.env.PropertySourcesPropertyResolver- getProperty("mongo.databasename") (implicit targetType [String])
2013-10-02 15:28:47,340 [main] TRACE org.springframework.core.env.PropertySourcesPropertyResolver- getProperty("mongo.databasename", String)
2013-10-02 15:28:47,340 [main] DEBUG org.springframework.core.env.PropertySourcesPropertyResolver- Searching for key 'mongo.databasename' in [environmentProperties]
2013-10-02 15:28:47,340 [main] TRACE org.springframework.core.env.PropertySourcesPropertyResolver- getProperty("mongo.databasename") (implicit targetType [String])
2013-10-02 15:28:47,340 [main] TRACE org.springframework.core.env.PropertySourcesPropertyResolver- getProperty("mongo.databasename", String)
2013-10-02 15:28:47,340 [main] DEBUG org.springframework.core.env.PropertySourcesPropertyResolver- Searching for key 'mongo.databasename' in [systemProperties]
2013-10-02 15:28:47,340 [main] DEBUG org.springframework.core.env.PropertySourcesPropertyResolver- Searching for key 'mongo.databasename' in [systemEnvironment]
2013-10-02 15:28:47,340 [main] TRACE org.springframework.core.env.SystemEnvironmentPropertySource- PropertySource [systemEnvironment] does not contain 'mongo.databasename'
2013-10-02 15:28:47,340 [main] TRACE org.springframework.core.env.SystemEnvironmentPropertySource- PropertySource [systemEnvironment] does not contain 'mongo_databasename'
2013-10-02 15:28:47,340 [main] TRACE org.springframework.core.env.SystemEnvironmentPropertySource- PropertySource [systemEnvironment] does not contain 'MONGO.DATABASENAME'
2013-10-02 15:28:47,341 [main] TRACE org.springframework.core.env.SystemEnvironmentPropertySource- PropertySource [systemEnvironment] does not contain 'MONGO_DATABASENAME'
2013-10-02 15:28:47,341 [main] DEBUG org.springframework.core.env.PropertySourcesPropertyResolver- Could not find key 'mongo.databasename' in any property source. Returning [null]
2013-10-02 15:28:47,341 [main] DEBUG org.springframework.core.env.PropertySourcesPropertyResolver- Searching for key 'mongo.databasename' in [localProperties]
2013-10-02 15:28:47,341 [main] DEBUG org.springframework.core.env.PropertySourcesPropertyResolver- Found key 'mongo.databasename' in [localProperties] with type [String] and value 'neatoBurrito'
2013-10-02 15:28:47,341 [main] TRACE org.springframework.util.PropertyPlaceholderHelper- Resolved placeholder 'mongo.databasename'
2013-10-02 15:28:47,342 [main] DEBUG org.springframework.beans.factory.support.DefaultListableBeanFactory- Creating shared instance of singleton bean 'org.springframework.context.annotation.internalAutowiredAnnotationProcessor'
2013-10-02 15:28:47,342 [main] DEBUG org.springframework.beans.factory.support.DefaultListableBeanFactory- Creating instance of bean 'org.springframework.context.annotation.internalAutowiredAnnotationProcessor'
2013-10-02 15:28:47,343 [main] DEBUG org.springframework.beans.factory.support.DefaultListableBeanFactory- Eagerly caching bean 'org.springframework.context.annotation.internalAutowiredAnnotationProcessor' to allow for resolving potential circular references
2013-10-02 15:28:47,343 [main] DEBUG org.springframework.beans.factory.support.DefaultListableBeanFactory- Finished creating instance of bean 'org.springframework.context.annotation.internalAutowiredAnnotationProcessor'
2013-10-02 15:28:47,343 [main] DEBUG org.springframework.beans.factory.support.DefaultListableBeanFactory- Creating shared instance of singleton bean 'org.springframework.context.annotation.internalRequiredAnnotationProcessor'
2013-10-02 15:28:47,343 [main] DEBUG org.springframework.beans.factory.support.DefaultListableBeanFactory- Creating instance of bean 'org.springframework.context.annotation.internalRequiredAnnotationProcessor'
2013-10-02 15:28:47,344 [main] DEBUG org.springframework.beans.factory.support.DefaultListableBeanFactory- Eagerly caching bean 'org.springframework.context.annotation.internalRequiredAnnotationProcessor' to allow for resolving potential circular references
2013-10-02 15:28:47,344 [main] DEBUG org.springframework.beans.factory.support.DefaultListableBeanFactory- Finished creating instance of bean 'org.springframework.context.annotation.internalRequiredAnnotationProcessor'
2013-10-02 15:28:47,344 [main] DEBUG org.springframework.beans.factory.support.DefaultListableBeanFactory- Creating shared instance of singleton bean 'org.springframework.context.annotation.internalCommonAnnotationProcessor'
2013-10-02 15:28:47,344 [main] DEBUG org.springframework.beans.factory.support.DefaultListableBeanFactory- Creating instance of bean 'org.springframework.context.annotation.internalCommonAnnotationProcessor'
2013-10-02 15:28:47,347 [main] DEBUG org.springframework.beans.factory.support.DefaultListableBeanFactory- Eagerly caching bean 'org.springframework.context.annotation.internalCommonAnnotationProcessor' to allow for resolving potential circular references
2013-10-02 15:28:47,348 [main] DEBUG org.springframework.beans.factory.support.DefaultListableBeanFactory- Finished creating instance of bean 'org.springframework.context.annotation.internalCommonAnnotationProcessor'
2013-10-02 15:28:47,348 [main] DEBUG org.springframework.beans.factory.support.DefaultListableBeanFactory- Creating shared instance of singleton bean 'org.springframework.context.annotation.ConfigurationClassPostProcessor.importAwareProcessor'
2013-10-02 15:28:47,348 [main] DEBUG org.springframework.beans.factory.support.DefaultListableBeanFactory- Creating instance of bean 'org.springframework.context.annotation.ConfigurationClassPostProcessor.importAwareProcessor'
2013-10-02 15:28:47,348 [main] DEBUG org.springframework.beans.factory.support.DefaultListableBeanFactory- Eagerly caching bean 'org.springframework.context.annotation.ConfigurationClassPostProcessor.importAwareProcessor' to allow for resolving potential circular references
2013-10-02 15:28:47,348 [main] DEBUG org.springframework.beans.factory.support.DefaultListableBeanFactory- Finished creating instance of bean 'org.springframework.context.annotation.ConfigurationClassPostProcessor.importAwareProcessor'
2013-10-02 15:28:47,350 [main] DEBUG org.springframework.context.support.GenericApplicationContext- Unable to locate MessageSource with name 'messageSource': using default [org.springframework.context.support.DelegatingMessageSource@4a8122ba]
2013-10-02 15:28:47,352 [main] DEBUG org.springframework.context.support.GenericApplicationContext- Unable to locate ApplicationEventMulticaster with name 'applicationEventMulticaster': using default [org.springframework.context.event.SimpleApplicationEventMulticaster@cafa2c2]
2013-10-02 15:28:47,354 [main] INFO  org.springframework.beans.factory.support.DefaultListableBeanFactory- Pre-instantiating singletons in org.springframework.beans.factory.support.DefaultListableBeanFactory@7b7e3427: defining beans [org.springframework.context.annotation.internalConfigurationAnnotationProcessor,org.springframework.context.annotation.internalAutowiredAnnotationProcessor,org.springframework.context.annotation.internalRequiredAnnotationProcessor,org.springframework.context.annotation.internalCommonAnnotationProcessor,org.springframework.context.support.PropertySourcesPlaceholderConfigurer#0,burritoposServerPort,keystorePath,keystorePassword,StatusUI,secureConnectionManager,userSvc,groupSvc,connectionManagerTestCase,socketManagerTestCase,userSvcTestCase,org.springframework.context.annotation.ConfigurationClassPostProcessor.importAwareProcessor]; root of factory hierarchy
2013-10-02 15:28:47,354 [main] DEBUG org.springframework.beans.factory.support.DefaultListableBeanFactory- Returning cached instance of singleton bean 'org.springframework.context.annotation.internalConfigurationAnnotationProcessor'
2013-10-02 15:28:47,354 [main] DEBUG org.springframework.beans.factory.support.DefaultListableBeanFactory- Returning cached instance of singleton bean 'org.springframework.context.annotation.internalAutowiredAnnotationProcessor'
2013-10-02 15:28:47,354 [main] DEBUG org.springframework.beans.factory.support.DefaultListableBeanFactory- Returning cached instance of singleton bean 'org.springframework.context.annotation.internalRequiredAnnotationProcessor'
2013-10-02 15:28:47,354 [main] DEBUG org.springframework.beans.factory.support.DefaultListableBeanFactory- Returning cached instance of singleton bean 'org.springframework.context.annotation.internalCommonAnnotationProcessor'
2013-10-02 15:28:47,354 [main] DEBUG org.springframework.beans.factory.support.DefaultListableBeanFactory- Returning cached instance of singleton bean 'org.springframework.context.support.PropertySourcesPlaceholderConfigurer#0'
2013-10-02 15:28:47,354 [main] DEBUG org.springframework.beans.factory.support.DefaultListableBeanFactory- Creating shared instance of singleton bean 'burritoposServerPort'
2013-10-02 15:28:47,354 [main] DEBUG org.springframework.beans.factory.support.DefaultListableBeanFactory- Creating instance of bean 'burritoposServerPort'
2013-10-02 15:28:47,371 [main] TRACE org.springframework.beans.factory.support.DefaultListableBeanFactory- Ignoring constructor [public java.lang.String(byte[],int,int,java.nio.charset.Charset)] of bean 'burritoposServerPort': org.springframework.beans.factory.UnsatisfiedDependencyException: Error creating bean with name 'burritoposServerPort' defined in class path resource [applicationContext.xml]: Unsatisfied dependency expressed through constructor argument with index 0 of type [byte[]]: Ambiguous constructor argument types - did you specify the correct bean references as constructor arguments?
2013-10-02 15:28:47,371 [main] TRACE org.springframework.beans.factory.support.DefaultListableBeanFactory- Ignoring constructor [public java.lang.String(byte[],int,int,java.lang.String) throws java.io.UnsupportedEncodingException] of bean 'burritoposServerPort': org.springframework.beans.factory.UnsatisfiedDependencyException: Error creating bean with name 'burritoposServerPort' defined in class path resource [applicationContext.xml]: Unsatisfied dependency expressed through constructor argument with index 0 of type [byte[]]: Ambiguous constructor argument types - did you specify the correct bean references as constructor arguments?
2013-10-02 15:28:47,372 [main] TRACE org.springframework.beans.factory.support.DefaultListableBeanFactory- Ignoring constructor [public java.lang.String(byte[],int,int,int)] of bean 'burritoposServerPort': org.springframework.beans.factory.UnsatisfiedDependencyException: Error creating bean with name 'burritoposServerPort' defined in class path resource [applicationContext.xml]: Unsatisfied dependency expressed through constructor argument with index 0 of type [byte[]]: Ambiguous constructor argument types - did you specify the correct bean references as constructor arguments?
2013-10-02 15:28:47,372 [main] TRACE org.springframework.beans.factory.support.DefaultListableBeanFactory- Ignoring constructor [public java.lang.String(byte[],int,int)] of bean 'burritoposServerPort': org.springframework.beans.factory.UnsatisfiedDependencyException: Error creating bean with name 'burritoposServerPort' defined in class path resource [applicationContext.xml]: Unsatisfied dependency expressed through constructor argument with index 0 of type [byte[]]: Ambiguous constructor argument types - did you specify the correct bean references as constructor arguments?
2013-10-02 15:28:47,372 [main] TRACE org.springframework.beans.factory.support.DefaultListableBeanFactory- Ignoring constructor [public java.lang.String(int[],int,int)] of bean 'burritoposServerPort': org.springframework.beans.factory.UnsatisfiedDependencyException: Error creating bean with name 'burritoposServerPort' defined in class path resource [applicationContext.xml]: Unsatisfied dependency expressed through constructor argument with index 0 of type [int[]]: Ambiguous constructor argument types - did you specify the correct bean references as constructor arguments?
2013-10-02 15:28:47,372 [main] TRACE org.springframework.beans.factory.support.DefaultListableBeanFactory- Ignoring constructor [public java.lang.String(char[],int,int)] of bean 'burritoposServerPort': org.springframework.beans.factory.UnsatisfiedDependencyException: Error creating bean with name 'burritoposServerPort' defined in class path resource [applicationContext.xml]: Unsatisfied dependency expressed through constructor argument with index 0 of type [char[]]: Ambiguous constructor argument types - did you specify the correct bean references as constructor arguments?
2013-10-02 15:28:47,372 [main] TRACE org.springframework.beans.factory.support.DefaultListableBeanFactory- Ignoring constructor [public java.lang.String(byte[],java.nio.charset.Charset)] of bean 'burritoposServerPort': org.springframework.beans.factory.UnsatisfiedDependencyException: Error creating bean with name 'burritoposServerPort' defined in class path resource [applicationContext.xml]: Unsatisfied dependency expressed through constructor argument with index 0 of type [byte[]]: Ambiguous constructor argument types - did you specify the correct bean references as constructor arguments?
2013-10-02 15:28:47,372 [main] TRACE org.springframework.beans.factory.support.DefaultListableBeanFactory- Ignoring constructor [public java.lang.String(byte[],java.lang.String) throws java.io.UnsupportedEncodingException] of bean 'burritoposServerPort': org.springframework.beans.factory.UnsatisfiedDependencyException: Error creating bean with name 'burritoposServerPort' defined in class path resource [applicationContext.xml]: Unsatisfied dependency expressed through constructor argument with index 0 of type [byte[]]: Ambiguous constructor argument types - did you specify the correct bean references as constructor arguments?
2013-10-02 15:28:47,372 [main] TRACE org.springframework.beans.factory.support.DefaultListableBeanFactory- Ignoring constructor [public java.lang.String(byte[],int)] of bean 'burritoposServerPort': org.springframework.beans.factory.UnsatisfiedDependencyException: Error creating bean with name 'burritoposServerPort' defined in class path resource [applicationContext.xml]: Unsatisfied dependency expressed through constructor argument with index 0 of type [byte[]]: Ambiguous constructor argument types - did you specify the correct bean references as constructor arguments?
2013-10-02 15:28:47,372 [main] TRACE org.springframework.beans.factory.support.DefaultListableBeanFactory- Ignoring constructor [public java.lang.String(byte[])] of bean 'burritoposServerPort': org.springframework.beans.factory.UnsatisfiedDependencyException: Error creating bean with name 'burritoposServerPort' defined in class path resource [applicationContext.xml]: Unsatisfied dependency expressed through constructor argument with index 0 of type [byte[]]: Ambiguous constructor argument types - did you specify the correct bean references as constructor arguments?
2013-10-02 15:28:47,372 [main] TRACE org.springframework.beans.factory.support.DefaultListableBeanFactory- Ignoring constructor [public java.lang.String(java.lang.StringBuilder)] of bean 'burritoposServerPort': org.springframework.beans.factory.UnsatisfiedDependencyException: Error creating bean with name 'burritoposServerPort' defined in class path resource [applicationContext.xml]: Unsatisfied dependency expressed through constructor argument with index 0 of type [java.lang.StringBuilder]: Ambiguous constructor argument types - did you specify the correct bean references as constructor arguments?
2013-10-02 15:28:47,372 [main] TRACE org.springframework.beans.factory.support.DefaultListableBeanFactory- Ignoring constructor [public java.lang.String(java.lang.StringBuffer)] of bean 'burritoposServerPort': org.springframework.beans.factory.UnsatisfiedDependencyException: Error creating bean with name 'burritoposServerPort' defined in class path resource [applicationContext.xml]: Unsatisfied dependency expressed through constructor argument with index 0 of type [java.lang.StringBuffer]: Ambiguous constructor argument types - did you specify the correct bean references as constructor arguments?
2013-10-02 15:28:47,372 [main] TRACE org.springframework.beans.factory.support.DefaultListableBeanFactory- Ignoring constructor [public java.lang.String(char[])] of bean 'burritoposServerPort': org.springframework.beans.factory.UnsatisfiedDependencyException: Error creating bean with name 'burritoposServerPort' defined in class path resource [applicationContext.xml]: Unsatisfied dependency expressed through constructor argument with index 0 of type [char[]]: Ambiguous constructor argument types - did you specify the correct bean references as constructor arguments?
2013-10-02 15:28:47,376 [main] DEBUG org.springframework.beans.factory.support.DefaultListableBeanFactory- Eagerly caching bean 'burritoposServerPort' to allow for resolving potential circular references
2013-10-02 15:28:47,376 [main] DEBUG org.springframework.beans.CachedIntrospectionResults- Not strongly caching class [java.lang.String] because it is not cache-safe
2013-10-02 15:28:47,376 [main] TRACE org.springframework.beans.CachedIntrospectionResults- Getting BeanInfo for class [java.lang.String]
2013-10-02 15:28:47,377 [main] TRACE org.springframework.beans.CachedIntrospectionResults- Caching PropertyDescriptors for class [java.lang.String]
2013-10-02 15:28:47,377 [main] TRACE org.springframework.beans.CachedIntrospectionResults- Found bean property 'bytes' of type [[B]
2013-10-02 15:28:47,377 [main] TRACE org.springframework.beans.CachedIntrospectionResults- Found bean property 'class' of type [java.lang.Class]
2013-10-02 15:28:47,377 [main] TRACE org.springframework.beans.CachedIntrospectionResults- Found bean property 'empty' of type [boolean]
2013-10-02 15:28:47,378 [main] DEBUG org.springframework.beans.factory.support.DefaultListableBeanFactory- Finished creating instance of bean 'burritoposServerPort'
2013-10-02 15:28:47,378 [main] DEBUG org.springframework.beans.factory.support.DefaultListableBeanFactory- Creating shared instance of singleton bean 'keystorePath'
2013-10-02 15:28:47,378 [main] DEBUG org.springframework.beans.factory.support.DefaultListableBeanFactory- Creating instance of bean 'keystorePath'
2013-10-02 15:28:47,379 [main] TRACE org.springframework.beans.factory.support.DefaultListableBeanFactory- Ignoring constructor [public java.lang.String(byte[],int,int,java.nio.charset.Charset)] of bean 'keystorePath': org.springframework.beans.factory.UnsatisfiedDependencyException: Error creating bean with name 'keystorePath' defined in class path resource [applicationContext.xml]: Unsatisfied dependency expressed through constructor argument with index 0 of type [byte[]]: Ambiguous constructor argument types - did you specify the correct bean references as constructor arguments?
2013-10-02 15:28:47,379 [main] TRACE org.springframework.beans.factory.support.DefaultListableBeanFactory- Ignoring constructor [public java.lang.String(byte[],int,int,java.lang.String) throws java.io.UnsupportedEncodingException] of bean 'keystorePath': org.springframework.beans.factory.UnsatisfiedDependencyException: Error creating bean with name 'keystorePath' defined in class path resource [applicationContext.xml]: Unsatisfied dependency expressed through constructor argument with index 0 of type [byte[]]: Ambiguous constructor argument types - did you specify the correct bean references as constructor arguments?
2013-10-02 15:28:47,379 [main] TRACE org.springframework.beans.factory.support.DefaultListableBeanFactory- Ignoring constructor [public java.lang.String(byte[],int,int,int)] of bean 'keystorePath': org.springframework.beans.factory.UnsatisfiedDependencyException: Error creating bean with name 'keystorePath' defined in class path resource [applicationContext.xml]: Unsatisfied dependency expressed through constructor argument with index 0 of type [byte[]]: Ambiguous constructor argument types - did you specify the correct bean references as constructor arguments?
2013-10-02 15:28:47,379 [main] TRACE org.springframework.beans.factory.support.DefaultListableBeanFactory- Ignoring constructor [public java.lang.String(byte[],int,int)] of bean 'keystorePath': org.springframework.beans.factory.UnsatisfiedDependencyException: Error creating bean with name 'keystorePath' defined in class path resource [applicationContext.xml]: Unsatisfied dependency expressed through constructor argument with index 0 of type [byte[]]: Ambiguous constructor argument types - did you specify the correct bean references as constructor arguments?
2013-10-02 15:28:47,379 [main] TRACE org.springframework.beans.factory.support.DefaultListableBeanFactory- Ignoring constructor [public java.lang.String(int[],int,int)] of bean 'keystorePath': org.springframework.beans.factory.UnsatisfiedDependencyException: Error creating bean with name 'keystorePath' defined in class path resource [applicationContext.xml]: Unsatisfied dependency expressed through constructor argument with index 0 of type [int[]]: Ambiguous constructor argument types - did you specify the correct bean references as constructor arguments?
2013-10-02 15:28:47,379 [main] TRACE org.springframework.beans.factory.support.DefaultListableBeanFactory- Ignoring constructor [public java.lang.String(char[],int,int)] of bean 'keystorePath': org.springframework.beans.factory.UnsatisfiedDependencyException: Error creating bean with name 'keystorePath' defined in class path resource [applicationContext.xml]: Unsatisfied dependency expressed through constructor argument with index 0 of type [char[]]: Ambiguous constructor argument types - did you specify the correct bean references as constructor arguments?
2013-10-02 15:28:47,379 [main] TRACE org.springframework.beans.factory.support.DefaultListableBeanFactory- Ignoring constructor [public java.lang.String(byte[],java.nio.charset.Charset)] of bean 'keystorePath': org.springframework.beans.factory.UnsatisfiedDependencyException: Error creating bean with name 'keystorePath' defined in class path resource [applicationContext.xml]: Unsatisfied dependency expressed through constructor argument with index 0 of type [byte[]]: Ambiguous constructor argument types - did you specify the correct bean references as constructor arguments?
2013-10-02 15:28:47,379 [main] TRACE org.springframework.beans.factory.support.DefaultListableBeanFactory- Ignoring constructor [public java.lang.String(byte[],java.lang.String) throws java.io.UnsupportedEncodingException] of bean 'keystorePath': org.springframework.beans.factory.UnsatisfiedDependencyException: Error creating bean with name 'keystorePath' defined in class path resource [applicationContext.xml]: Unsatisfied dependency expressed through constructor argument with index 0 of type [byte[]]: Ambiguous constructor argument types - did you specify the correct bean references as constructor arguments?
2013-10-02 15:28:47,379 [main] TRACE org.springframework.beans.factory.support.DefaultListableBeanFactory- Ignoring constructor [public java.lang.String(byte[],int)] of bean 'keystorePath': org.springframework.beans.factory.UnsatisfiedDependencyException: Error creating bean with name 'keystorePath' defined in class path resource [applicationContext.xml]: Unsatisfied dependency expressed through constructor argument with index 0 of type [byte[]]: Ambiguous constructor argument types - did you specify the correct bean references as constructor arguments?
2013-10-02 15:28:47,379 [main] TRACE org.springframework.beans.factory.support.DefaultListableBeanFactory- Ignoring constructor [public java.lang.String(byte[])] of bean 'keystorePath': org.springframework.beans.factory.UnsatisfiedDependencyException: Error creating bean with name 'keystorePath' defined in class path resource [applicationContext.xml]: Unsatisfied dependency expressed through constructor argument with index 0 of type [byte[]]: Ambiguous constructor argument types - did you specify the correct bean references as constructor arguments?
2013-10-02 15:28:47,380 [main] TRACE org.springframework.beans.factory.support.DefaultListableBeanFactory- Ignoring constructor [public java.lang.String(java.lang.StringBuilder)] of bean 'keystorePath': org.springframework.beans.factory.UnsatisfiedDependencyException: Error creating bean with name 'keystorePath' defined in class path resource [applicationContext.xml]: Unsatisfied dependency expressed through constructor argument with index 0 of type [java.lang.StringBuilder]: Ambiguous constructor argument types - did you specify the correct bean references as constructor arguments?
2013-10-02 15:28:47,380 [main] TRACE org.springframework.beans.factory.support.DefaultListableBeanFactory- Ignoring constructor [public java.lang.String(java.lang.StringBuffer)] of bean 'keystorePath': org.springframework.beans.factory.UnsatisfiedDependencyException: Error creating bean with name 'keystorePath' defined in class path resource [applicationContext.xml]: Unsatisfied dependency expressed through constructor argument with index 0 of type [java.lang.StringBuffer]: Ambiguous constructor argument types - did you specify the correct bean references as constructor arguments?
2013-10-02 15:28:47,380 [main] TRACE org.springframework.beans.factory.support.DefaultListableBeanFactory- Ignoring constructor [public java.lang.String(char[])] of bean 'keystorePath': org.springframework.beans.factory.UnsatisfiedDependencyException: Error creating bean with name 'keystorePath' defined in class path resource [applicationContext.xml]: Unsatisfied dependency expressed through constructor argument with index 0 of type [char[]]: Ambiguous constructor argument types - did you specify the correct bean references as constructor arguments?
2013-10-02 15:28:47,380 [main] DEBUG org.springframework.beans.factory.support.DefaultListableBeanFactory- Eagerly caching bean 'keystorePath' to allow for resolving potential circular references
2013-10-02 15:28:47,380 [main] DEBUG org.springframework.beans.factory.support.DefaultListableBeanFactory- Finished creating instance of bean 'keystorePath'
2013-10-02 15:28:47,380 [main] DEBUG org.springframework.beans.factory.support.DefaultListableBeanFactory- Creating shared instance of singleton bean 'keystorePassword'
2013-10-02 15:28:47,380 [main] DEBUG org.springframework.beans.factory.support.DefaultListableBeanFactory- Creating instance of bean 'keystorePassword'
2013-10-02 15:28:47,380 [main] TRACE org.springframework.beans.factory.support.DefaultListableBeanFactory- Ignoring constructor [public java.lang.String(byte[],int,int,java.nio.charset.Charset)] of bean 'keystorePassword': org.springframework.beans.factory.UnsatisfiedDependencyException: Error creating bean with name 'keystorePassword' defined in class path resource [applicationContext.xml]: Unsatisfied dependency expressed through constructor argument with index 0 of type [byte[]]: Ambiguous constructor argument types - did you specify the correct bean references as constructor arguments?
2013-10-02 15:28:47,380 [main] TRACE org.springframework.beans.factory.support.DefaultListableBeanFactory- Ignoring constructor [public java.lang.String(byte[],int,int,java.lang.String) throws java.io.UnsupportedEncodingException] of bean 'keystorePassword': org.springframework.beans.factory.UnsatisfiedDependencyException: Error creating bean with name 'keystorePassword' defined in class path resource [applicationContext.xml]: Unsatisfied dependency expressed through constructor argument with index 0 of type [byte[]]: Ambiguous constructor argument types - did you specify the correct bean references as constructor arguments?
2013-10-02 15:28:47,381 [main] TRACE org.springframework.beans.factory.support.DefaultListableBeanFactory- Ignoring constructor [public java.lang.String(byte[],int,int,int)] of bean 'keystorePassword': org.springframework.beans.factory.UnsatisfiedDependencyException: Error creating bean with name 'keystorePassword' defined in class path resource [applicationContext.xml]: Unsatisfied dependency expressed through constructor argument with index 0 of type [byte[]]: Ambiguous constructor argument types - did you specify the correct bean references as constructor arguments?
2013-10-02 15:28:47,381 [main] TRACE org.springframework.beans.factory.support.DefaultListableBeanFactory- Ignoring constructor [public java.lang.String(byte[],int,int)] of bean 'keystorePassword': org.springframework.beans.factory.UnsatisfiedDependencyException: Error creating bean with name 'keystorePassword' defined in class path resource [applicationContext.xml]: Unsatisfied dependency expressed through constructor argument with index 0 of type [byte[]]: Ambiguous constructor argument types - did you specify the correct bean references as constructor arguments?
2013-10-02 15:28:47,381 [main] TRACE org.springframework.beans.factory.support.DefaultListableBeanFactory- Ignoring constructor [public java.lang.String(int[],int,int)] of bean 'keystorePassword': org.springframework.beans.factory.UnsatisfiedDependencyException: Error creating bean with name 'keystorePassword' defined in class path resource [applicationContext.xml]: Unsatisfied dependency expressed through constructor argument with index 0 of type [int[]]: Ambiguous constructor argument types - did you specify the correct bean references as constructor arguments?
2013-10-02 15:28:47,381 [main] TRACE org.springframework.beans.factory.support.DefaultListableBeanFactory- Ignoring constructor [public java.lang.String(char[],int,int)] of bean 'keystorePassword': org.springframework.beans.factory.UnsatisfiedDependencyException: Error creating bean with name 'keystorePassword' defined in class path resource [applicationContext.xml]: Unsatisfied dependency expressed through constructor argument with index 0 of type [char[]]: Ambiguous constructor argument types - did you specify the correct bean references as constructor arguments?
2013-10-02 15:28:47,381 [main] TRACE org.springframework.beans.factory.support.DefaultListableBeanFactory- Ignoring constructor [public java.lang.String(byte[],java.nio.charset.Charset)] of bean 'keystorePassword': org.springframework.beans.factory.UnsatisfiedDependencyException: Error creating bean with name 'keystorePassword' defined in class path resource [applicationContext.xml]: Unsatisfied dependency expressed through constructor argument with index 0 of type [byte[]]: Ambiguous constructor argument types - did you specify the correct bean references as constructor arguments?
2013-10-02 15:28:47,381 [main] TRACE org.springframework.beans.factory.support.DefaultListableBeanFactory- Ignoring constructor [public java.lang.String(byte[],java.lang.String) throws java.io.UnsupportedEncodingException] of bean 'keystorePassword': org.springframework.beans.factory.UnsatisfiedDependencyException: Error creating bean with name 'keystorePassword' defined in class path resource [applicationContext.xml]: Unsatisfied dependency expressed through constructor argument with index 0 of type [byte[]]: Ambiguous constructor argument types - did you specify the correct bean references as constructor arguments?
2013-10-02 15:28:47,381 [main] TRACE org.springframework.beans.factory.support.DefaultListableBeanFactory- Ignoring constructor [public java.lang.String(byte[],int)] of bean 'keystorePassword': org.springframework.beans.factory.UnsatisfiedDependencyException: Error creating bean with name 'keystorePassword' defined in class path resource [applicationContext.xml]: Unsatisfied dependency expressed through constructor argument with index 0 of type [byte[]]: Ambiguous constructor argument types - did you specify the correct bean references as constructor arguments?
2013-10-02 15:28:47,381 [main] TRACE org.springframework.beans.factory.support.DefaultListableBeanFactory- Ignoring constructor [public java.lang.String(byte[])] of bean 'keystorePassword': org.springframework.beans.factory.UnsatisfiedDependencyException: Error creating bean with name 'keystorePassword' defined in class path resource [applicationContext.xml]: Unsatisfied dependency expressed through constructor argument with index 0 of type [byte[]]: Ambiguous constructor argument types - did you specify the correct bean references as constructor arguments?
2013-10-02 15:28:47,381 [main] TRACE org.springframework.beans.factory.support.DefaultListableBeanFactory- Ignoring constructor [public java.lang.String(java.lang.StringBuilder)] of bean 'keystorePassword': org.springframework.beans.factory.UnsatisfiedDependencyException: Error creating bean with name 'keystorePassword' defined in class path resource [applicationContext.xml]: Unsatisfied dependency expressed through constructor argument with index 0 of type [java.lang.StringBuilder]: Ambiguous constructor argument types - did you specify the correct bean references as constructor arguments?
2013-10-02 15:28:47,382 [main] TRACE org.springframework.beans.factory.support.DefaultListableBeanFactory- Ignoring constructor [public java.lang.String(java.lang.StringBuffer)] of bean 'keystorePassword': org.springframework.beans.factory.UnsatisfiedDependencyException: Error creating bean with name 'keystorePassword' defined in class path resource [applicationContext.xml]: Unsatisfied dependency expressed through constructor argument with index 0 of type [java.lang.StringBuffer]: Ambiguous constructor argument types - did you specify the correct bean references as constructor arguments?
2013-10-02 15:28:47,382 [main] TRACE org.springframework.beans.factory.support.DefaultListableBeanFactory- Ignoring constructor [public java.lang.String(char[])] of bean 'keystorePassword': org.springframework.beans.factory.UnsatisfiedDependencyException: Error creating bean with name 'keystorePassword' defined in class path resource [applicationContext.xml]: Unsatisfied dependency expressed through constructor argument with index 0 of type [char[]]: Ambiguous constructor argument types - did you specify the correct bean references as constructor arguments?
2013-10-02 15:28:47,382 [main] DEBUG org.springframework.beans.factory.support.DefaultListableBeanFactory- Eagerly caching bean 'keystorePassword' to allow for resolving potential circular references
2013-10-02 15:28:47,382 [main] DEBUG org.springframework.beans.factory.support.DefaultListableBeanFactory- Finished creating instance of bean 'keystorePassword'
2013-10-02 15:28:47,382 [main] DEBUG org.springframework.beans.factory.support.DefaultListableBeanFactory- Creating shared instance of singleton bean 'StatusUI'
2013-10-02 15:28:47,382 [main] DEBUG org.springframework.beans.factory.support.DefaultListableBeanFactory- Creating instance of bean 'StatusUI'
2013-10-02 15:28:47,399 [main] DEBUG org.springframework.beans.factory.support.DefaultListableBeanFactory- Eagerly caching bean 'StatusUI' to allow for resolving potential circular references
2013-10-02 15:28:47,400 [main] TRACE org.springframework.beans.CachedIntrospectionResults- Getting BeanInfo for class [com.burritopos.server.presentation.StatusUI]
2013-10-02 15:28:47,413 [main] TRACE org.springframework.beans.CachedIntrospectionResults- Caching PropertyDescriptors for class [com.burritopos.server.presentation.StatusUI]
2013-10-02 15:28:47,413 [main] TRACE org.springframework.beans.CachedIntrospectionResults- Found bean property 'JMenuBar' of type [javax.swing.JMenuBar]
2013-10-02 15:28:47,413 [main] TRACE org.springframework.beans.CachedIntrospectionResults- Found bean property 'accessibleContext' of type [javax.accessibility.AccessibleContext]
2013-10-02 15:28:47,414 [main] TRACE org.springframework.beans.CachedIntrospectionResults- Found bean property 'active' of type [boolean]
2013-10-02 15:28:47,414 [main] TRACE org.springframework.beans.CachedIntrospectionResults- Found bean property 'alignmentX' of type [float]
2013-10-02 15:28:47,414 [main] TRACE org.springframework.beans.CachedIntrospectionResults- Found bean property 'alignmentY' of type [float]
2013-10-02 15:28:47,414 [main] TRACE org.springframework.beans.CachedIntrospectionResults- Found bean property 'alwaysOnTop' of type [boolean]
2013-10-02 15:28:47,414 [main] TRACE org.springframework.beans.CachedIntrospectionResults- Found bean property 'alwaysOnTopSupported' of type [boolean]
2013-10-02 15:28:47,414 [main] TRACE org.springframework.beans.CachedIntrospectionResults- Found bean property 'autoRequestFocus' of type [boolean]
2013-10-02 15:28:47,414 [main] TRACE org.springframework.beans.CachedIntrospectionResults- Found bean property 'background' of type [java.awt.Color]
2013-10-02 15:28:47,414 [main] TRACE org.springframework.beans.CachedIntrospectionResults- Found bean property 'bounds' of type [java.awt.Rectangle]
2013-10-02 15:28:47,414 [main] TRACE org.springframework.beans.CachedIntrospectionResults- Found bean property 'bufferStrategy' of type [java.awt.image.BufferStrategy]
2013-10-02 15:28:47,414 [main] TRACE org.springframework.beans.CachedIntrospectionResults- Found bean property 'component'
2013-10-02 15:28:47,414 [main] TRACE org.springframework.beans.CachedIntrospectionResults- Found bean property 'componentCount' of type [int]
2013-10-02 15:28:47,414 [main] TRACE org.springframework.beans.CachedIntrospectionResults- Found bean property 'components' of type [[Ljava.awt.Component;]
2013-10-02 15:28:47,414 [main] TRACE org.springframework.beans.CachedIntrospectionResults- Found bean property 'containerListeners' of type [[Ljava.awt.event.ContainerListener;]
2013-10-02 15:28:47,414 [main] TRACE org.springframework.beans.CachedIntrospectionResults- Found bean property 'contentPane' of type [java.awt.Container]
2013-10-02 15:28:47,415 [main] TRACE org.springframework.beans.CachedIntrospectionResults- Found bean property 'cursor' of type [int]
2013-10-02 15:28:47,415 [main] TRACE org.springframework.beans.CachedIntrospectionResults- Found bean property 'cursorType' of type [int]
2013-10-02 15:28:47,415 [main] TRACE org.springframework.beans.CachedIntrospectionResults- Found bean property 'defaultCloseOperation' of type [int]
2013-10-02 15:28:47,415 [main] TRACE org.springframework.beans.CachedIntrospectionResults- Found bean property 'defaultLookAndFeelDecorated' of type [boolean]
2013-10-02 15:28:47,415 [main] TRACE org.springframework.beans.CachedIntrospectionResults- Found bean property 'enabled' of type [boolean]
2013-10-02 15:28:47,415 [main] TRACE org.springframework.beans.CachedIntrospectionResults- Found bean property 'extendedState' of type [int]
2013-10-02 15:28:47,415 [main] TRACE org.springframework.beans.CachedIntrospectionResults- Found bean property 'focusCycleRoot' of type [boolean]
2013-10-02 15:28:47,415 [main] TRACE org.springframework.beans.CachedIntrospectionResults- Found bean property 'focusCycleRootAncestor' of type [java.awt.Container]
2013-10-02 15:28:47,415 [main] TRACE org.springframework.beans.CachedIntrospectionResults- Found bean property 'focusOwner' of type [java.awt.Component]
2013-10-02 15:28:47,415 [main] TRACE org.springframework.beans.CachedIntrospectionResults- Found bean property 'focusTraversalKeys'
2013-10-02 15:28:47,415 [main] TRACE org.springframework.beans.CachedIntrospectionResults- Found bean property 'focusTraversalPolicy' of type [java.awt.FocusTraversalPolicy]
2013-10-02 15:28:47,415 [main] TRACE org.springframework.beans.CachedIntrospectionResults- Found bean property 'focusTraversalPolicyProvider' of type [boolean]
2013-10-02 15:28:47,415 [main] TRACE org.springframework.beans.CachedIntrospectionResults- Found bean property 'focusTraversalPolicySet' of type [boolean]
2013-10-02 15:28:47,415 [main] TRACE org.springframework.beans.CachedIntrospectionResults- Found bean property 'focusable' of type [boolean]
2013-10-02 15:28:47,415 [main] TRACE org.springframework.beans.CachedIntrospectionResults- Found bean property 'focusableWindow' of type [boolean]
2013-10-02 15:28:47,415 [main] TRACE org.springframework.beans.CachedIntrospectionResults- Found bean property 'focusableWindowState' of type [boolean]
2013-10-02 15:28:47,416 [main] TRACE org.springframework.beans.CachedIntrospectionResults- Found bean property 'focused' of type [boolean]
2013-10-02 15:28:47,416 [main] TRACE org.springframework.beans.CachedIntrospectionResults- Found bean property 'font' of type [java.awt.Font]
2013-10-02 15:28:47,416 [main] TRACE org.springframework.beans.CachedIntrospectionResults- Found bean property 'foreground' of type [java.awt.Color]
2013-10-02 15:28:47,416 [main] TRACE org.springframework.beans.CachedIntrospectionResults- Found bean property 'glassPane' of type [java.awt.Component]
2013-10-02 15:28:47,416 [main] TRACE org.springframework.beans.CachedIntrospectionResults- Found bean property 'graphics' of type [java.awt.Graphics]
2013-10-02 15:28:47,416 [main] TRACE org.springframework.beans.CachedIntrospectionResults- Found bean property 'iconImage' of type [java.awt.Image]
2013-10-02 15:28:47,416 [main] TRACE org.springframework.beans.CachedIntrospectionResults- Found bean property 'iconImages' of type [java.util.List]
2013-10-02 15:28:47,416 [main] TRACE org.springframework.beans.CachedIntrospectionResults- Found bean property 'inputContext' of type [java.awt.im.InputContext]
2013-10-02 15:28:47,416 [main] TRACE org.springframework.beans.CachedIntrospectionResults- Found bean property 'insets' of type [java.awt.Insets]
2013-10-02 15:28:47,416 [main] TRACE org.springframework.beans.CachedIntrospectionResults- Found bean property 'layeredPane' of type [javax.swing.JLayeredPane]
2013-10-02 15:28:47,416 [main] TRACE org.springframework.beans.CachedIntrospectionResults- Found bean property 'layout' of type [java.awt.LayoutManager]
2013-10-02 15:28:47,416 [main] TRACE org.springframework.beans.CachedIntrospectionResults- Found bean property 'locale' of type [java.util.Locale]
2013-10-02 15:28:47,416 [main] TRACE org.springframework.beans.CachedIntrospectionResults- Found bean property 'location'
2013-10-02 15:28:47,416 [main] TRACE org.springframework.beans.CachedIntrospectionResults- Found bean property 'locationByPlatform' of type [boolean]
2013-10-02 15:28:47,416 [main] TRACE org.springframework.beans.CachedIntrospectionResults- Found bean property 'locationRelativeTo' of type [java.awt.Component]
2013-10-02 15:28:47,416 [main] TRACE org.springframework.beans.CachedIntrospectionResults- Found bean property 'maximizedBounds' of type [java.awt.Rectangle]
2013-10-02 15:28:47,417 [main] TRACE org.springframework.beans.CachedIntrospectionResults- Found bean property 'maximumSize' of type [java.awt.Dimension]
2013-10-02 15:28:47,417 [main] TRACE org.springframework.beans.CachedIntrospectionResults- Found bean property 'menuBar' of type [java.awt.MenuBar]
2013-10-02 15:28:47,417 [main] TRACE org.springframework.beans.CachedIntrospectionResults- Found bean property 'minimumSize' of type [java.awt.Dimension]
2013-10-02 15:28:47,417 [main] TRACE org.springframework.beans.CachedIntrospectionResults- Found bean property 'modalExclusionType' of type [java.awt.Dialog$ModalExclusionType]
2013-10-02 15:28:47,417 [main] TRACE org.springframework.beans.CachedIntrospectionResults- Found bean property 'mostRecentFocusOwner' of type [java.awt.Component]
2013-10-02 15:28:47,417 [main] TRACE org.springframework.beans.CachedIntrospectionResults- Found bean property 'name' of type [java.lang.String]
2013-10-02 15:28:47,417 [main] TRACE org.springframework.beans.CachedIntrospectionResults- Found bean property 'opacity' of type [float]
2013-10-02 15:28:47,417 [main] TRACE org.springframework.beans.CachedIntrospectionResults- Found bean property 'opaque' of type [boolean]
2013-10-02 15:28:47,417 [main] TRACE org.springframework.beans.CachedIntrospectionResults- Found bean property 'ownedWindows' of type [[Ljava.awt.Window;]
2013-10-02 15:28:47,417 [main] TRACE org.springframework.beans.CachedIntrospectionResults- Found bean property 'owner' of type [java.awt.Window]
2013-10-02 15:28:47,417 [main] TRACE org.springframework.beans.CachedIntrospectionResults- Found bean property 'preferredSize' of type [java.awt.Dimension]
[...]
2013-10-02 15:28:47,418 [main] TRACE org.springframework.beans.CachedIntrospectionResults- Found bean property 'windowListeners' of type [[Ljava.awt.event.WindowListener;]
2013-10-02 15:28:47,418 [main] TRACE org.springframework.beans.CachedIntrospectionResults- Found bean property 'windowStateListeners' of type [[Ljava.awt.event.WindowStateListener;]
2013-10-02 15:28:47,419 [main] DEBUG org.springframework.beans.factory.support.DefaultListableBeanFactory- Finished creating instance of bean 'StatusUI'
2013-10-02 15:28:47,419 [main] DEBUG org.springframework.beans.factory.support.DefaultListableBeanFactory- Creating shared instance of singleton bean 'secureConnectionManager'
2013-10-02 15:28:47,419 [main] DEBUG org.springframework.beans.factory.support.DefaultListableBeanFactory- Creating instance of bean 'secureConnectionManager'
2013-10-02 15:28:47,420 [main] DEBUG org.springframework.beans.factory.support.DefaultListableBeanFactory- Returning cached instance of singleton bean 'StatusUI'
2013-10-02 15:28:47,420 [main] DEBUG org.springframework.beans.factory.support.DefaultListableBeanFactory- Returning cached instance of singleton bean 'burritoposServerPort'
2013-10-02 15:28:47,420 [main] DEBUG org.springframework.beans.factory.support.DefaultListableBeanFactory- Returning cached instance of singleton bean 'keystorePath'
2013-10-02 15:28:47,420 [main] DEBUG org.springframework.beans.factory.support.DefaultListableBeanFactory- Returning cached instance of singleton bean 'keystorePassword'
2013-10-02 15:28:47,422 [main] TRACE com.burritopos.server.business.SecureConnectionManager- Got BURRITOPOS_SERVER_PORT value: 8000
2013-10-02 15:28:47,422 [main] TRACE com.burritopos.server.business.SecureConnectionManager- Got KEYSTORE_PATH value: C:\burritopos.ks
2013-10-02 15:28:47,422 [main] TRACE com.burritopos.server.business.SecureConnectionManager- Got KEYSTORE_PASSWORD value: changeit
2013-10-02 15:28:47,422 [main] TRACE com.burritopos.server.business.SecureConnectionManager- Loading keystore
2013-10-02 15:28:47,422 [main] TRACE com.burritopos.server.business.SecureConnectionManager- Initializing KeyManagerFactory
2013-10-02 15:28:47,423 [main] TRACE com.burritopos.server.business.SecureConnectionManager- Initializing SSL Context
2013-10-02 15:28:47,423 [main] TRACE com.burritopos.server.business.SecureConnectionManager- Retreiving SSL socket factory
2013-10-02 15:28:47,426 [main] DEBUG org.springframework.beans.factory.annotation.InjectionMetadata- Registered injected element on class [com.burritopos.server.business.SecureConnectionManager]: AutowiredFieldElement for private com.burritopos.server.presentation.StatusUI com.burritopos.server.business.SecureConnectionManager.parent
2013-10-02 15:28:47,426 [main] DEBUG org.springframework.beans.factory.support.DefaultListableBeanFactory- Eagerly caching bean 'secureConnectionManager' to allow for resolving potential circular references
2013-10-02 15:28:47,427 [main] TRACE org.springframework.beans.CachedIntrospectionResults- Getting BeanInfo for class [com.burritopos.server.business.SecureConnectionManager]
2013-10-02 15:28:47,428 [main] TRACE org.springframework.beans.CachedIntrospectionResults- Caching PropertyDescriptors for class [com.burritopos.server.business.SecureConnectionManager]
2013-10-02 15:28:47,429 [main] TRACE org.springframework.beans.CachedIntrospectionResults- Found bean property 'class' of type [java.lang.Class]
2013-10-02 15:28:47,429 [main] TRACE org.springframework.beans.CachedIntrospectionResults- Found bean property 'exit' of type [boolean]
2013-10-02 15:28:47,429 [main] TRACE org.springframework.beans.CachedIntrospectionResults- Found bean property 'parent' of type [com.burritopos.server.presentation.StatusUI]
2013-10-02 15:28:47,429 [main] DEBUG org.springframework.beans.factory.annotation.InjectionMetadata- Processing injected method of bean 'secureConnectionManager': AutowiredFieldElement for private com.burritopos.server.presentation.StatusUI com.burritopos.server.business.SecureConnectionManager.parent
2013-10-02 15:28:47,431 [main] DEBUG org.springframework.beans.factory.support.DefaultListableBeanFactory- Returning cached instance of singleton bean 'StatusUI'
2013-10-02 15:28:47,431 [main] DEBUG org.springframework.beans.factory.annotation.AutowiredAnnotationBeanPostProcessor- Autowiring by type from bean name 'secureConnectionManager' to bean named 'StatusUI'
2013-10-02 15:28:47,431 [main] DEBUG org.springframework.beans.factory.support.DefaultListableBeanFactory- Finished creating instance of bean 'secureConnectionManager'
2013-10-02 15:28:47,431 [main] DEBUG org.springframework.beans.factory.support.DefaultListableBeanFactory- Creating shared instance of singleton bean 'userSvc'
2013-10-02 15:28:47,432 [main] DEBUG org.springframework.beans.factory.support.DefaultListableBeanFactory- Creating instance of bean 'userSvc'
2013-10-02 15:28:47,437 [main] DEBUG org.springframework.beans.factory.support.DefaultListableBeanFactory- Eagerly caching bean 'userSvc' to allow for resolving potential circular references
2013-10-02 15:28:47,437 [main] TRACE org.springframework.beans.CachedIntrospectionResults- Getting BeanInfo for class [com.burritopos.server.service.dao.mongo.UserSvcImpl]
2013-10-02 15:28:47,440 [main] TRACE org.springframework.beans.CachedIntrospectionResults- Caching PropertyDescriptors for class [com.burritopos.server.service.dao.mongo.UserSvcImpl]
2013-10-02 15:28:47,440 [main] TRACE org.springframework.beans.CachedIntrospectionResults- Found bean property 'allUsers' of type [java.util.ArrayList]
2013-10-02 15:28:47,440 [main] TRACE org.springframework.beans.CachedIntrospectionResults- Found bean property 'class' of type [java.lang.Class]
2013-10-02 15:28:47,440 [main] DEBUG org.springframework.beans.factory.support.DefaultListableBeanFactory- Finished creating instance of bean 'userSvc'
2013-10-02 15:28:47,440 [main] DEBUG org.springframework.beans.factory.support.DefaultListableBeanFactory- Creating shared instance of singleton bean 'groupSvc'
2013-10-02 15:28:47,440 [main] DEBUG org.springframework.beans.factory.support.DefaultListableBeanFactory- Creating instance of bean 'groupSvc'
2013-10-02 15:28:47,442 [main] DEBUG org.springframework.beans.factory.support.DefaultListableBeanFactory- Eagerly caching bean 'groupSvc' to allow for resolving potential circular references
2013-10-02 15:28:47,442 [main] TRACE org.springframework.beans.CachedIntrospectionResults- Getting BeanInfo for class [com.burritopos.server.service.dao.mongo.GroupSvcImpl]
2013-10-02 15:28:47,445 [main] TRACE org.springframework.beans.CachedIntrospectionResults- Caching PropertyDescriptors for class [com.burritopos.server.service.dao.mongo.GroupSvcImpl]
2013-10-02 15:28:47,445 [main] TRACE org.springframework.beans.CachedIntrospectionResults- Found bean property 'allGroups' of type [java.util.ArrayList]
2013-10-02 15:28:47,445 [main] TRACE org.springframework.beans.CachedIntrospectionResults- Found bean property 'class' of type [java.lang.Class]
2013-10-02 15:28:47,445 [main] DEBUG org.springframework.beans.factory.support.DefaultListableBeanFactory- Finished creating instance of bean 'groupSvc'
2013-10-02 15:28:47,445 [main] DEBUG org.springframework.beans.factory.support.DefaultListableBeanFactory- Creating shared instance of singleton bean 'connectionManagerTestCase'
2013-10-02 15:28:47,445 [main] DEBUG org.springframework.beans.factory.support.DefaultListableBeanFactory- Creating instance of bean 'connectionManagerTestCase'
2013-10-02 15:28:47,448 [main] DEBUG org.springframework.beans.factory.annotation.InjectionMetadata- Registered injected element on class [com.burritopos.server.business.test.ConnectionManagerTestCase]: AutowiredFieldElement for private com.burritopos.server.business.IConnectionManager com.burritopos.server.business.test.ConnectionManagerTestCase.server
2013-10-02 15:28:47,448 [main] DEBUG org.springframework.beans.factory.support.DefaultListableBeanFactory- Eagerly caching bean 'connectionManagerTestCase' to allow for resolving potential circular references
2013-10-02 15:28:47,448 [main] TRACE org.springframework.beans.CachedIntrospectionResults- Getting BeanInfo for class [com.burritopos.server.business.test.ConnectionManagerTestCase]
2013-10-02 15:28:47,451 [main] TRACE org.springframework.beans.CachedIntrospectionResults- Caching PropertyDescriptors for class [com.burritopos.server.business.test.ConnectionManagerTestCase]
2013-10-02 15:28:47,451 [main] TRACE org.springframework.beans.CachedIntrospectionResults- Found bean property 'class' of type [java.lang.Class]
2013-10-02 15:28:47,451 [main] DEBUG org.springframework.beans.factory.annotation.InjectionMetadata- Processing injected method of bean 'connectionManagerTestCase': AutowiredFieldElement for private com.burritopos.server.business.IConnectionManager com.burritopos.server.business.test.ConnectionManagerTestCase.server
2013-10-02 15:28:47,451 [main] DEBUG org.springframework.beans.factory.support.DefaultListableBeanFactory- Returning cached instance of singleton bean 'secureConnectionManager'
2013-10-02 15:28:47,451 [main] DEBUG org.springframework.beans.factory.annotation.AutowiredAnnotationBeanPostProcessor- Autowiring by type from bean name 'connectionManagerTestCase' to bean named 'secureConnectionManager'
2013-10-02 15:28:47,452 [main] DEBUG org.springframework.beans.factory.support.DefaultListableBeanFactory- Finished creating instance of bean 'connectionManagerTestCase'
2013-10-02 15:28:47,452 [main] DEBUG org.springframework.beans.factory.support.DefaultListableBeanFactory- Creating shared instance of singleton bean 'socketManagerTestCase'
2013-10-02 15:28:47,452 [main] DEBUG org.springframework.beans.factory.support.DefaultListableBeanFactory- Creating instance of bean 'socketManagerTestCase'
2013-10-02 15:28:47,455 [main] DEBUG org.springframework.beans.factory.support.DefaultListableBeanFactory- Eagerly caching bean 'socketManagerTestCase' to allow for resolving potential circular references
2013-10-02 15:28:47,455 [main] TRACE org.springframework.beans.CachedIntrospectionResults- Getting BeanInfo for class [com.burritopos.server.business.test.SocketManagerTestCase]
2013-10-02 15:28:47,457 [main] TRACE org.springframework.beans.CachedIntrospectionResults- Caching PropertyDescriptors for class [com.burritopos.server.business.test.SocketManagerTestCase]
2013-10-02 15:28:47,457 [main] TRACE org.springframework.beans.CachedIntrospectionResults- Found bean property 'class' of type [java.lang.Class]
2013-10-02 15:28:47,458 [main] DEBUG org.springframework.beans.factory.support.DefaultListableBeanFactory- Finished creating instance of bean 'socketManagerTestCase'
2013-10-02 15:28:47,458 [main] DEBUG org.springframework.beans.factory.support.DefaultListableBeanFactory- Creating shared instance of singleton bean 'userSvcTestCase'
2013-10-02 15:28:47,458 [main] DEBUG org.springframework.beans.factory.support.DefaultListableBeanFactory- Creating instance of bean 'userSvcTestCase'
2013-10-02 15:28:47,460 [main] DEBUG org.springframework.beans.factory.annotation.InjectionMetadata- Registered injected element on class [com.burritopos.server.service.test.UserSvcImplTestCase]: AutowiredFieldElement for private com.burritopos.server.service.dao.IUserSvc com.burritopos.server.service.test.UserSvcImplTestCase.ics
2013-10-02 15:28:47,460 [main] DEBUG org.springframework.beans.factory.support.DefaultListableBeanFactory- Eagerly caching bean 'userSvcTestCase' to allow for resolving potential circular references
2013-10-02 15:28:47,461 [main] TRACE org.springframework.beans.CachedIntrospectionResults- Getting BeanInfo for class [com.burritopos.server.service.test.UserSvcImplTestCase]
2013-10-02 15:28:47,463 [main] TRACE org.springframework.beans.CachedIntrospectionResults- Caching PropertyDescriptors for class [com.burritopos.server.service.test.UserSvcImplTestCase]
2013-10-02 15:28:47,463 [main] TRACE org.springframework.beans.CachedIntrospectionResults- Found bean property 'class' of type [java.lang.Class]
2013-10-02 15:28:47,463 [main] DEBUG org.springframework.beans.factory.annotation.InjectionMetadata- Processing injected method of bean 'userSvcTestCase': AutowiredFieldElement for private com.burritopos.server.service.dao.IUserSvc com.burritopos.server.service.test.UserSvcImplTestCase.ics
2013-10-02 15:28:47,463 [main] DEBUG org.springframework.beans.factory.support.DefaultListableBeanFactory- Returning cached instance of singleton bean 'userSvc'
2013-10-02 15:28:47,463 [main] DEBUG org.springframework.beans.factory.annotation.AutowiredAnnotationBeanPostProcessor- Autowiring by type from bean name 'userSvcTestCase' to bean named 'userSvc'
2013-10-02 15:28:47,463 [main] DEBUG org.springframework.beans.factory.support.DefaultListableBeanFactory- Finished creating instance of bean 'userSvcTestCase'
2013-10-02 15:28:47,463 [main] DEBUG org.springframework.beans.factory.support.DefaultListableBeanFactory- Returning cached instance of singleton bean 'org.springframework.context.annotation.ConfigurationClassPostProcessor.importAwareProcessor'
2013-10-02 15:28:47,465 [main] DEBUG org.springframework.context.support.GenericApplicationContext- Unable to locate LifecycleProcessor with name 'lifecycleProcessor': using default [org.springframework.context.support.DefaultLifecycleProcessor@785d0b86]
2013-10-02 15:28:47,465 [main] DEBUG org.springframework.beans.factory.support.DefaultListableBeanFactory- Returning cached instance of singleton bean 'lifecycleProcessor'
2013-10-02 15:28:47,466 [main] TRACE org.springframework.context.support.GenericApplicationContext- Publishing event in org.springframework.context.support.GenericApplicationContext@3cee371b: org.springframework.context.event.ContextRefreshedEvent[source=org.springframework.context.support.GenericApplicationContext@3cee371b: startup date [Wed Oct 02 15:28:47 AFT 2013]; root of context hierarchy]
2013-10-02 15:28:47,467 [main] TRACE org.springframework.core.env.PropertySourcesPropertyResolver- getProperty("spring.liveBeansView.mbeanDomain") (implicit targetType [String])
2013-10-02 15:28:47,467 [main] TRACE org.springframework.core.env.PropertySourcesPropertyResolver- getProperty("spring.liveBeansView.mbeanDomain", String)
2013-10-02 15:28:47,467 [main] DEBUG org.springframework.core.env.PropertySourcesPropertyResolver- Searching for key 'spring.liveBeansView.mbeanDomain' in [systemProperties]
2013-10-02 15:28:47,467 [main] DEBUG org.springframework.core.env.PropertySourcesPropertyResolver- Searching for key 'spring.liveBeansView.mbeanDomain' in [systemEnvironment]
2013-10-02 15:28:47,468 [main] TRACE org.springframework.core.env.SystemEnvironmentPropertySource- PropertySource [systemEnvironment] does not contain 'spring.liveBeansView.mbeanDomain'
2013-10-02 15:28:47,468 [main] TRACE org.springframework.core.env.SystemEnvironmentPropertySource- PropertySource [systemEnvironment] does not contain 'spring_liveBeansView_mbeanDomain'
2013-10-02 15:28:47,468 [main] TRACE org.springframework.core.env.SystemEnvironmentPropertySource- PropertySource [systemEnvironment] does not contain 'SPRING.LIVEBEANSVIEW.MBEANDOMAIN'
2013-10-02 15:28:47,468 [main] TRACE org.springframework.core.env.SystemEnvironmentPropertySource- PropertySource [systemEnvironment] does not contain 'SPRING_LIVEBEANSVIEW_MBEANDOMAIN'
2013-10-02 15:28:47,468 [main] DEBUG org.springframework.core.env.PropertySourcesPropertyResolver- Could not find key 'spring.liveBeansView.mbeanDomain' in any property source. Returning [null]
2013-10-02 15:28:47,468 [main] DEBUG org.springframework.test.context.CacheAwareContextLoaderDelegate- Storing ApplicationContext in cache under key [[MergedContextConfiguration@76baf7aa testClass = FactoryTestCase, locations = '{classpath:applicationContext.xml}', classes = '{}', contextInitializerClasses = '[]', activeProfiles = '{}', contextLoader = 'org.springframework.test.context.support.DelegatingSmartContextLoader', parent = [null]]].
2013-10-02 15:28:47,468 [main] TRACE org.springframework.beans.CachedIntrospectionResults- Getting BeanInfo for class [com.burritopos.server.service.test.FactoryTestCase]
2013-10-02 15:28:47,471 [main] TRACE org.springframework.beans.CachedIntrospectionResults- Caching PropertyDescriptors for class [com.burritopos.server.service.test.FactoryTestCase]
2013-10-02 15:28:47,471 [main] TRACE org.springframework.beans.CachedIntrospectionResults- Found bean property 'class' of type [java.lang.Class]
2013-10-02 15:28:47,474 [main] INFO  com.burritopos.server.test.BurritoPOSTestCase- *** Starting test: testGetService() ***
2013-10-02 15:28:47,474 [main] TRACE org.springframework.test.context.TestContextManager- beforeTestMethod(): instance [com.burritopos.server.service.test.FactoryTestCase@59e221cd], method [public void com.burritopos.server.service.test.FactoryTestCase.testGetService() throws java.lang.Exception]
2013-10-02 15:28:47,475 [main] INFO  com.burritopos.server.test.BurritoPOSTestCase- *** Initializing common resources ***
2013-10-02 15:28:47,475 [main] TRACE com.burritopos.server.service.Factory- In getService | name: IUserSvc
2013-10-02 15:28:47,475 [main] TRACE com.burritopos.server.service.Factory- Got com.burritopos.server.service.dao.mongo.UserSvcImpl from properties.xml file for name: IUserSvc
2013-10-02 15:28:47,475 [main] TRACE com.burritopos.server.service.dao.mongo.BaseSvcImpl- Loading burritopos.properties
2013-10-02 15:28:47,476 [main] TRACE com.burritopos.server.service.dao.mongo.BaseSvcImpl- Got MONGO_IP value: 127.0.0.1
2013-10-02 15:28:47,476 [main] TRACE com.burritopos.server.service.dao.mongo.BaseSvcImpl- Got MONGO_DB value: neatoBurrito
2013-10-02 15:28:47,476 [main] INFO  com.burritopos.server.test.BurritoPOSTestCase- *** Cleaning up common resources ***
2013-10-02 15:28:47,476 [main] TRACE org.springframework.test.context.TestContextManager- afterTestMethod(): instance [com.burritopos.server.service.test.FactoryTestCase@59e221cd], method [public void com.burritopos.server.service.test.FactoryTestCase.testGetService() throws java.lang.Exception], exception [null]
2013-10-02 15:28:47,477 [main] DEBUG org.springframework.test.context.support.DirtiesContextTestExecutionListener- After test method: context [[TestContext@d1947d5 testClass = FactoryTestCase, testInstance = com.burritopos.server.service.test.FactoryTestCase@59e221cd, testMethod = testGetService@FactoryTestCase, testException = [null], mergedContextConfiguration = [MergedContextConfiguration@76baf7aa testClass = FactoryTestCase, locations = '{classpath:applicationContext.xml}', classes = '{}', contextInitializerClasses = '[]', activeProfiles = '{}', contextLoader = 'org.springframework.test.context.support.DelegatingSmartContextLoader', parent = [null]]]], class dirties context [false], class mode [null], method dirties context [false].
2013-10-02 15:28:47,477 [main] TRACE org.springframework.test.context.TestContextManager- afterTestClass(): class [class com.burritopos.server.service.test.FactoryTestCase]
2013-10-02 15:28:47,477 [main] DEBUG org.springframework.test.context.support.DirtiesContextTestExecutionListener- After test class: context [[TestContext@d1947d5 testClass = FactoryTestCase, testInstance = [null], testMethod = [null], testException = [null], mergedContextConfiguration = [MergedContextConfiguration@76baf7aa testClass = FactoryTestCase, locations = '{classpath:applicationContext.xml}', classes = '{}', contextInitializerClasses = '[]', activeProfiles = '{}', contextLoader = 'org.springframework.test.context.support.DelegatingSmartContextLoader', parent = [null]]]], dirtiesContext [false].
]]></system-out>
  <system-err><![CDATA[log4j:WARN No appenders could be found for logger (org.springframework.test.context.junit4.SpringJUnit4ClassRunner).
log4j:WARN Please initialize the log4j system properly.
log4j:WARN See http://logging.apache.org/log4j/1.2/faq.html#noconfig for more info.
]]></system-err>
</testsuite>
